[1.165s] Invoking command in '/home/niuwa/ROS2_Humble_LS2K0300/Example/ROS2_Humble_ws/src/lidar_obstacle_detector': PYTHONPATH=/home/niuwa/ROS2_Humble_LS2K0300/Example/ROS2_Humble_ws/build/lidar_obstacle_detector/prefix_override:/usr/lib/python3/dist-packages/colcon_core/task/python/colcon_distutils_commands:/home/niuwa/ROS2_Humble_LS2K0300/Example/ROS2_Humble_ws/install/lidar_obstacle_detector/lib/python3.10/site-packages:${PYTHONPATH} /usr/bin/python3 -W ignore:setup.py install is deprecated -W ignore:easy_install command is deprecated setup.py egg_info --egg-base ../../build/lidar_obstacle_detector build --build-base /home/niuwa/ROS2_Humble_LS2K0300/Example/ROS2_Humble_ws/build/lidar_obstacle_detector/build install --record /home/niuwa/ROS2_Humble_LS2K0300/Example/ROS2_Humble_ws/build/lidar_obstacle_detector/install.log --single-version-externally-managed install_data
[1.488s] running egg_info
[1.489s] creating ../../build/lidar_obstacle_detector/lidar_obstacle_detector.egg-info
[1.489s] writing ../../build/lidar_obstacle_detector/lidar_obstacle_detector.egg-info/PKG-INFO
[1.489s] writing dependency_links to ../../build/lidar_obstacle_detector/lidar_obstacle_detector.egg-info/dependency_links.txt
[1.490s] writing entry points to ../../build/lidar_obstacle_detector/lidar_obstacle_detector.egg-info/entry_points.txt
[1.490s] writing requirements to ../../build/lidar_obstacle_detector/lidar_obstacle_detector.egg-info/requires.txt
[1.490s] writing top-level names to ../../build/lidar_obstacle_detector/lidar_obstacle_detector.egg-info/top_level.txt
[1.490s] writing manifest file '../../build/lidar_obstacle_detector/lidar_obstacle_detector.egg-info/SOURCES.txt'
[1.492s] reading manifest file '../../build/lidar_obstacle_detector/lidar_obstacle_detector.egg-info/SOURCES.txt'
[1.494s] writing manifest file '../../build/lidar_obstacle_detector/lidar_obstacle_detector.egg-info/SOURCES.txt'
[1.494s] running build
[1.494s] running build_py
[1.494s] creating /home/niuwa/ROS2_Humble_LS2K0300/Example/ROS2_Humble_ws/build/lidar_obstacle_detector/build
[1.495s] creating /home/niuwa/ROS2_Humble_LS2K0300/Example/ROS2_Humble_ws/build/lidar_obstacle_detector/build/lib
[1.495s] creating /home/niuwa/ROS2_Humble_LS2K0300/Example/ROS2_Humble_ws/build/lidar_obstacle_detector/build/lib/lidar_obstacle_detector
[1.495s] copying lidar_obstacle_detector/obstacle_detector_node.py -> /home/niuwa/ROS2_Humble_LS2K0300/Example/ROS2_Humble_ws/build/lidar_obstacle_detector/build/lib/lidar_obstacle_detector
[1.495s] copying lidar_obstacle_detector/__init__.py -> /home/niuwa/ROS2_Humble_LS2K0300/Example/ROS2_Humble_ws/build/lidar_obstacle_detector/build/lib/lidar_obstacle_detector
[1.495s] running install
[1.496s] running install_lib
[1.497s] creating /home/niuwa/ROS2_Humble_LS2K0300/Example/ROS2_Humble_ws/install/lidar_obstacle_detector/lib/python3.10/site-packages/lidar_obstacle_detector
[1.497s] copying /home/niuwa/ROS2_Humble_LS2K0300/Example/ROS2_Humble_ws/build/lidar_obstacle_detector/build/lib/lidar_obstacle_detector/obstacle_detector_node.py -> /home/niuwa/ROS2_Humble_LS2K0300/Example/ROS2_Humble_ws/install/lidar_obstacle_detector/lib/python3.10/site-packages/lidar_obstacle_detector
[1.497s] copying /home/niuwa/ROS2_Humble_LS2K0300/Example/ROS2_Humble_ws/build/lidar_obstacle_detector/build/lib/lidar_obstacle_detector/__init__.py -> /home/niuwa/ROS2_Humble_LS2K0300/Example/ROS2_Humble_ws/install/lidar_obstacle_detector/lib/python3.10/site-packages/lidar_obstacle_detector
[1.498s] byte-compiling /home/niuwa/ROS2_Humble_LS2K0300/Example/ROS2_Humble_ws/install/lidar_obstacle_detector/lib/python3.10/site-packages/lidar_obstacle_detector/obstacle_detector_node.py to obstacle_detector_node.cpython-310.pyc
[1.499s] byte-compiling /home/niuwa/ROS2_Humble_LS2K0300/Example/ROS2_Humble_ws/install/lidar_obstacle_detector/lib/python3.10/site-packages/lidar_obstacle_detector/__init__.py to __init__.cpython-310.pyc
[1.499s] running install_data
[1.499s] creating /home/niuwa/ROS2_Humble_LS2K0300/Example/ROS2_Humble_ws/install/lidar_obstacle_detector/share/ament_index
[1.499s] creating /home/niuwa/ROS2_Humble_LS2K0300/Example/ROS2_Humble_ws/install/lidar_obstacle_detector/share/ament_index/resource_index
[1.500s] creating /home/niuwa/ROS2_Humble_LS2K0300/Example/ROS2_Humble_ws/install/lidar_obstacle_detector/share/ament_index/resource_index/packages
[1.500s] copying resource/lidar_obstacle_detector -> /home/niuwa/ROS2_Humble_LS2K0300/Example/ROS2_Humble_ws/install/lidar_obstacle_detector/share/ament_index/resource_index/packages
[1.500s] copying package.xml -> /home/niuwa/ROS2_Humble_LS2K0300/Example/ROS2_Humble_ws/install/lidar_obstacle_detector/share/lidar_obstacle_detector
[1.500s] running install_egg_info
[1.502s] Copying ../../build/lidar_obstacle_detector/lidar_obstacle_detector.egg-info to /home/niuwa/ROS2_Humble_LS2K0300/Example/ROS2_Humble_ws/install/lidar_obstacle_detector/lib/python3.10/site-packages/lidar_obstacle_detector-0.1.0-py3.10.egg-info
[1.503s] running install_scripts
[1.526s] Installing obstacle_detector script to /home/niuwa/ROS2_Humble_LS2K0300/Example/ROS2_Humble_ws/install/lidar_obstacle_detector/lib/lidar_obstacle_detector
[1.526s] writing list of installed files to '/home/niuwa/ROS2_Humble_LS2K0300/Example/ROS2_Humble_ws/build/lidar_obstacle_detector/install.log'
[1.564s] Invoked command in '/home/niuwa/ROS2_Humble_LS2K0300/Example/ROS2_Humble_ws/src/lidar_obstacle_detector' returned '0': PYTHONPATH=/home/niuwa/ROS2_Humble_LS2K0300/Example/ROS2_Humble_ws/build/lidar_obstacle_detector/prefix_override:/usr/lib/python3/dist-packages/colcon_core/task/python/colcon_distutils_commands:/home/niuwa/ROS2_Humble_LS2K0300/Example/ROS2_Humble_ws/install/lidar_obstacle_detector/lib/python3.10/site-packages:${PYTHONPATH} /usr/bin/python3 -W ignore:setup.py install is deprecated -W ignore:easy_install command is deprecated setup.py egg_info --egg-base ../../build/lidar_obstacle_detector build --build-base /home/niuwa/ROS2_Humble_LS2K0300/Example/ROS2_Humble_ws/build/lidar_obstacle_detector/build install --record /home/niuwa/ROS2_Humble_LS2K0300/Example/ROS2_Humble_ws/build/lidar_obstacle_detector/install.log --single-version-externally-managed install_data
