[0.521s] Invoking command in '/home/niuwa/ROS2_Humble_LS2K0300/Example/ROS2_Humble_ws/build/simple_pursuit_controller': CMAKE_PREFIX_PATH=/opt/ros/humble /usr/bin/cmake --build /home/niuwa/ROS2_Humble_LS2K0300/Example/ROS2_Humble_ws/build/simple_pursuit_controller -- -j6 -l6
[0.708s] [ 50%] [32mBuilding CXX object CMakeFiles/simple_pursuit_controller.dir/src/simple_pursuit_controller.cpp.o[0m
[9.795s] [100%] [32m[1mLinking CXX shared library libsimple_pursuit_controller.so[0m
[10.108s] [100%] Built target simple_pursuit_controller
[10.127s] Invoked command in '/home/niuwa/ROS2_Humble_LS2K0300/Example/ROS2_Humble_ws/build/simple_pursuit_controller' returned '0': CMAKE_PREFIX_PATH=/opt/ros/humble /usr/bin/cmake --build /home/niuwa/ROS2_Humble_LS2K0300/Example/ROS2_Humble_ws/build/simple_pursuit_controller -- -j6 -l6
[10.128s] Invoking command in '/home/niuwa/ROS2_Humble_LS2K0300/Example/ROS2_Humble_ws/build/simple_pursuit_controller': CMAKE_PREFIX_PATH=/opt/ros/humble /usr/bin/cmake --install /home/niuwa/ROS2_Humble_LS2K0300/Example/ROS2_Humble_ws/build/simple_pursuit_controller
[10.138s] -- Install configuration: "Release"
[10.138s] -- Installing: /home/niuwa/ROS2_Humble_LS2K0300/Example/ROS2_Humble_ws/install/simple_pursuit_controller/lib/libsimple_pursuit_controller.so
[10.139s] -- Set runtime path of "/home/niuwa/ROS2_Humble_LS2K0300/Example/ROS2_Humble_ws/install/simple_pursuit_controller/lib/libsimple_pursuit_controller.so" to ""
[10.140s] -- Up-to-date: /home/niuwa/ROS2_Humble_LS2K0300/Example/ROS2_Humble_ws/install/simple_pursuit_controller/include/simple_pursuit_controller
[10.140s] -- Up-to-date: /home/niuwa/ROS2_Humble_LS2K0300/Example/ROS2_Humble_ws/install/simple_pursuit_controller/include/simple_pursuit_controller/simple_pursuit_controller
[10.140s] -- Up-to-date: /home/niuwa/ROS2_Humble_LS2K0300/Example/ROS2_Humble_ws/install/simple_pursuit_controller/include/simple_pursuit_controller/simple_pursuit_controller/simple_pursuit_controller.hpp
[10.140s] -- Up-to-date: /home/niuwa/ROS2_Humble_LS2K0300/Example/ROS2_Humble_ws/install/simple_pursuit_controller/share/simple_pursuit_controller/simple_pursuit_controller.xml
[10.140s] -- Up-to-date: /home/niuwa/ROS2_Humble_LS2K0300/Example/ROS2_Humble_ws/install/simple_pursuit_controller/share/simple_pursuit_controller/simple_pursuit_controller.xml
[10.140s] -- Up-to-date: /home/niuwa/ROS2_Humble_LS2K0300/Example/ROS2_Humble_ws/install/simple_pursuit_controller/share/ament_index/resource_index/package_run_dependencies/simple_pursuit_controller
[10.140s] -- Up-to-date: /home/niuwa/ROS2_Humble_LS2K0300/Example/ROS2_Humble_ws/install/simple_pursuit_controller/share/ament_index/resource_index/parent_prefix_path/simple_pursuit_controller
[10.141s] -- Up-to-date: /home/niuwa/ROS2_Humble_LS2K0300/Example/ROS2_Humble_ws/install/simple_pursuit_controller/share/simple_pursuit_controller/environment/ament_prefix_path.sh
[10.141s] -- Up-to-date: /home/niuwa/ROS2_Humble_LS2K0300/Example/ROS2_Humble_ws/install/simple_pursuit_controller/share/simple_pursuit_controller/environment/ament_prefix_path.dsv
[10.141s] -- Up-to-date: /home/niuwa/ROS2_Humble_LS2K0300/Example/ROS2_Humble_ws/install/simple_pursuit_controller/share/simple_pursuit_controller/environment/path.sh
[10.141s] -- Up-to-date: /home/niuwa/ROS2_Humble_LS2K0300/Example/ROS2_Humble_ws/install/simple_pursuit_controller/share/simple_pursuit_controller/environment/path.dsv
[10.141s] -- Up-to-date: /home/niuwa/ROS2_Humble_LS2K0300/Example/ROS2_Humble_ws/install/simple_pursuit_controller/share/simple_pursuit_controller/local_setup.bash
[10.141s] -- Up-to-date: /home/niuwa/ROS2_Humble_LS2K0300/Example/ROS2_Humble_ws/install/simple_pursuit_controller/share/simple_pursuit_controller/local_setup.sh
[10.141s] -- Up-to-date: /home/niuwa/ROS2_Humble_LS2K0300/Example/ROS2_Humble_ws/install/simple_pursuit_controller/share/simple_pursuit_controller/local_setup.zsh
[10.141s] -- Up-to-date: /home/niuwa/ROS2_Humble_LS2K0300/Example/ROS2_Humble_ws/install/simple_pursuit_controller/share/simple_pursuit_controller/local_setup.dsv
[10.141s] -- Installing: /home/niuwa/ROS2_Humble_LS2K0300/Example/ROS2_Humble_ws/install/simple_pursuit_controller/share/simple_pursuit_controller/package.dsv
[10.141s] -- Up-to-date: /home/niuwa/ROS2_Humble_LS2K0300/Example/ROS2_Humble_ws/install/simple_pursuit_controller/share/ament_index/resource_index/packages/simple_pursuit_controller
[10.141s] -- Up-to-date: /home/niuwa/ROS2_Humble_LS2K0300/Example/ROS2_Humble_ws/install/simple_pursuit_controller/share/ament_index/resource_index/nav2_core__pluginlib__plugin/simple_pursuit_controller
[10.142s] -- Up-to-date: /home/niuwa/ROS2_Humble_LS2K0300/Example/ROS2_Humble_ws/install/simple_pursuit_controller/share/simple_pursuit_controller/cmake/simple_pursuit_controllerConfig.cmake
[10.142s] -- Up-to-date: /home/niuwa/ROS2_Humble_LS2K0300/Example/ROS2_Humble_ws/install/simple_pursuit_controller/share/simple_pursuit_controller/cmake/simple_pursuit_controllerConfig-version.cmake
[10.142s] -- Up-to-date: /home/niuwa/ROS2_Humble_LS2K0300/Example/ROS2_Humble_ws/install/simple_pursuit_controller/share/simple_pursuit_controller/package.xml
[10.146s] Invoked command in '/home/niuwa/ROS2_Humble_LS2K0300/Example/ROS2_Humble_ws/build/simple_pursuit_controller' returned '0': CMAKE_PREFIX_PATH=/opt/ros/humble /usr/bin/cmake --install /home/niuwa/ROS2_Humble_LS2K0300/Example/ROS2_Humble_ws/build/simple_pursuit_controller
