running egg_info
writing ../../build/path_obstacle_detector/path_obstacle_detector.egg-info/PKG-INFO
writing dependency_links to ../../build/path_obstacle_detector/path_obstacle_detector.egg-info/dependency_links.txt
writing entry points to ../../build/path_obstacle_detector/path_obstacle_detector.egg-info/entry_points.txt
writing requirements to ../../build/path_obstacle_detector/path_obstacle_detector.egg-info/requires.txt
writing top-level names to ../../build/path_obstacle_detector/path_obstacle_detector.egg-info/top_level.txt
reading manifest file '../../build/path_obstacle_detector/path_obstacle_detector.egg-info/SOURCES.txt'
writing manifest file '../../build/path_obstacle_detector/path_obstacle_detector.egg-info/SOURCES.txt'
running build
running build_py
copying path_obstacle_detector/path_obstacle_detector_node.py -> /home/niuwa/ROS2_Humble_LS2K0300/Example/ROS2_Humble_ws/build/path_obstacle_detector/build/lib/path_obstacle_detector
running install
running install_lib
copying /home/niuwa/ROS2_Humble_LS2K0300/Example/ROS2_Humble_ws/build/path_obstacle_detector/build/lib/path_obstacle_detector/path_obstacle_detector_node.py -> /home/niuwa/ROS2_Humble_LS2K0300/Example/ROS2_Humble_ws/install/path_obstacle_detector/lib/python3.10/site-packages/path_obstacle_detector
byte-compiling /home/niuwa/ROS2_Humble_LS2K0300/Example/ROS2_Humble_ws/install/path_obstacle_detector/lib/python3.10/site-packages/path_obstacle_detector/path_obstacle_detector_node.py to path_obstacle_detector_node.cpython-310.pyc
running install_data
running install_egg_info
removing '/home/niuwa/ROS2_Humble_LS2K0300/Example/ROS2_Humble_ws/install/path_obstacle_detector/lib/python3.10/site-packages/path_obstacle_detector-0.1.0-py3.10.egg-info' (and everything under it)
Copying ../../build/path_obstacle_detector/path_obstacle_detector.egg-info to /home/niuwa/ROS2_Humble_LS2K0300/Example/ROS2_Humble_ws/install/path_obstacle_detector/lib/python3.10/site-packages/path_obstacle_detector-0.1.0-py3.10.egg-info
running install_scripts
Installing path_obstacle_detector script to /home/niuwa/ROS2_Humble_LS2K0300/Example/ROS2_Humble_ws/install/path_obstacle_detector/lib/path_obstacle_detector
Installing test_publisher script to /home/niuwa/ROS2_Humble_LS2K0300/Example/ROS2_Humble_ws/install/path_obstacle_detector/lib/path_obstacle_detector
writing list of installed files to '/home/niuwa/ROS2_Humble_LS2K0300/Example/ROS2_Humble_ws/build/path_obstacle_detector/install.log'
