[1.273s] Invoking command in '/home/niuwa/ROS2_Humble_LS2K0300/Example/ROS2_Humble_ws/src/path_obstacle_detector': PYTHONPATH=/home/niuwa/ROS2_Humble_LS2K0300/Example/ROS2_Humble_ws/build/path_obstacle_detector/prefix_override:/usr/lib/python3/dist-packages/colcon_core/task/python/colcon_distutils_commands:/home/niuwa/ROS2_Humble_LS2K0300/Example/ROS2_Humble_ws/install/path_obstacle_detector/lib/python3.10/site-packages:${PYTHONPATH} /usr/bin/python3 -W ignore:setup.py install is deprecated -W ignore:easy_install command is deprecated setup.py egg_info --egg-base ../../build/path_obstacle_detector build --build-base /home/niuwa/ROS2_Humble_LS2K0300/Example/ROS2_Humble_ws/build/path_obstacle_detector/build install --record /home/niuwa/ROS2_Humble_LS2K0300/Example/ROS2_Humble_ws/build/path_obstacle_detector/install.log --single-version-externally-managed install_data
[1.635s] running egg_info
[1.636s] writing ../../build/path_obstacle_detector/path_obstacle_detector.egg-info/PKG-INFO
[1.636s] writing dependency_links to ../../build/path_obstacle_detector/path_obstacle_detector.egg-info/dependency_links.txt
[1.636s] writing entry points to ../../build/path_obstacle_detector/path_obstacle_detector.egg-info/entry_points.txt
[1.637s] writing requirements to ../../build/path_obstacle_detector/path_obstacle_detector.egg-info/requires.txt
[1.637s] writing top-level names to ../../build/path_obstacle_detector/path_obstacle_detector.egg-info/top_level.txt
[1.641s] reading manifest file '../../build/path_obstacle_detector/path_obstacle_detector.egg-info/SOURCES.txt'
[1.643s] writing manifest file '../../build/path_obstacle_detector/path_obstacle_detector.egg-info/SOURCES.txt'
[1.644s] running build
[1.644s] running build_py
[1.645s] copying path_obstacle_detector/path_obstacle_detector_node.py -> /home/niuwa/ROS2_Humble_LS2K0300/Example/ROS2_Humble_ws/build/path_obstacle_detector/build/lib/path_obstacle_detector
[1.645s] running install
[1.645s] running install_lib
[1.646s] copying /home/niuwa/ROS2_Humble_LS2K0300/Example/ROS2_Humble_ws/build/path_obstacle_detector/build/lib/path_obstacle_detector/path_obstacle_detector_node.py -> /home/niuwa/ROS2_Humble_LS2K0300/Example/ROS2_Humble_ws/install/path_obstacle_detector/lib/python3.10/site-packages/path_obstacle_detector
[1.647s] byte-compiling /home/niuwa/ROS2_Humble_LS2K0300/Example/ROS2_Humble_ws/install/path_obstacle_detector/lib/python3.10/site-packages/path_obstacle_detector/path_obstacle_detector_node.py to path_obstacle_detector_node.cpython-310.pyc
[1.650s] running install_data
[1.651s] running install_egg_info
[1.654s] removing '/home/niuwa/ROS2_Humble_LS2K0300/Example/ROS2_Humble_ws/install/path_obstacle_detector/lib/python3.10/site-packages/path_obstacle_detector-0.1.0-py3.10.egg-info' (and everything under it)
[1.655s] Copying ../../build/path_obstacle_detector/path_obstacle_detector.egg-info to /home/niuwa/ROS2_Humble_LS2K0300/Example/ROS2_Humble_ws/install/path_obstacle_detector/lib/python3.10/site-packages/path_obstacle_detector-0.1.0-py3.10.egg-info
[1.656s] running install_scripts
[1.691s] Installing path_obstacle_detector script to /home/niuwa/ROS2_Humble_LS2K0300/Example/ROS2_Humble_ws/install/path_obstacle_detector/lib/path_obstacle_detector
[1.691s] Installing test_publisher script to /home/niuwa/ROS2_Humble_LS2K0300/Example/ROS2_Humble_ws/install/path_obstacle_detector/lib/path_obstacle_detector
[1.692s] writing list of installed files to '/home/niuwa/ROS2_Humble_LS2K0300/Example/ROS2_Humble_ws/build/path_obstacle_detector/install.log'
[1.733s] Invoked command in '/home/niuwa/ROS2_Humble_LS2K0300/Example/ROS2_Humble_ws/src/path_obstacle_detector' returned '0': PYTHONPATH=/home/niuwa/ROS2_Humble_LS2K0300/Example/ROS2_Humble_ws/build/path_obstacle_detector/prefix_override:/usr/lib/python3/dist-packages/colcon_core/task/python/colcon_distutils_commands:/home/niuwa/ROS2_Humble_LS2K0300/Example/ROS2_Humble_ws/install/path_obstacle_detector/lib/python3.10/site-packages:${PYTHONPATH} /usr/bin/python3 -W ignore:setup.py install is deprecated -W ignore:easy_install command is deprecated setup.py egg_info --egg-base ../../build/path_obstacle_detector build --build-base /home/niuwa/ROS2_Humble_LS2K0300/Example/ROS2_Humble_ws/build/path_obstacle_detector/build install --record /home/niuwa/ROS2_Humble_LS2K0300/Example/ROS2_Humble_ws/build/path_obstacle_detector/install.log --single-version-externally-managed install_data
