[2.016s] Invoking command in '/home/niuwa/ROS2_Humble_LS2K0300/Example/ROS2_Humble_ws/src/path_blocked_tcp_bridge': PYTHONPATH=/home/niuwa/ROS2_Humble_LS2K0300/Example/ROS2_Humble_ws/build/path_blocked_tcp_bridge/prefix_override:/usr/lib/python3/dist-packages/colcon_core/task/python/colcon_distutils_commands:/home/niuwa/ROS2_Humble_LS2K0300/Example/ROS2_Humble_ws/install/path_blocked_tcp_bridge/lib/python3.10/site-packages:${PYTHONPATH} /usr/bin/python3 -W ignore:setup.py install is deprecated -W ignore:easy_install command is deprecated setup.py egg_info --egg-base ../../build/path_blocked_tcp_bridge build --build-base /home/niuwa/ROS2_Humble_LS2K0300/Example/ROS2_Humble_ws/build/path_blocked_tcp_bridge/build install --record /home/niuwa/ROS2_Humble_LS2K0300/Example/ROS2_Humble_ws/build/path_blocked_tcp_bridge/install.log --single-version-externally-managed install_data
[2.510s] running egg_info
[2.511s] creating ../../build/path_blocked_tcp_bridge/path_blocked_tcp_bridge.egg-info
[2.511s] writing ../../build/path_blocked_tcp_bridge/path_blocked_tcp_bridge.egg-info/PKG-INFO
[2.512s] writing dependency_links to ../../build/path_blocked_tcp_bridge/path_blocked_tcp_bridge.egg-info/dependency_links.txt
[2.514s] writing entry points to ../../build/path_blocked_tcp_bridge/path_blocked_tcp_bridge.egg-info/entry_points.txt
[2.514s] writing requirements to ../../build/path_blocked_tcp_bridge/path_blocked_tcp_bridge.egg-info/requires.txt
[2.514s] writing top-level names to ../../build/path_blocked_tcp_bridge/path_blocked_tcp_bridge.egg-info/top_level.txt
[2.514s] writing manifest file '../../build/path_blocked_tcp_bridge/path_blocked_tcp_bridge.egg-info/SOURCES.txt'
[2.516s] reading manifest file '../../build/path_blocked_tcp_bridge/path_blocked_tcp_bridge.egg-info/SOURCES.txt'
[2.518s] writing manifest file '../../build/path_blocked_tcp_bridge/path_blocked_tcp_bridge.egg-info/SOURCES.txt'
[2.519s] running build
[2.520s] running build_py
[2.520s] creating /home/niuwa/ROS2_Humble_LS2K0300/Example/ROS2_Humble_ws/build/path_blocked_tcp_bridge/build
[2.520s] creating /home/niuwa/ROS2_Humble_LS2K0300/Example/ROS2_Humble_ws/build/path_blocked_tcp_bridge/build/lib
[2.520s] creating /home/niuwa/ROS2_Humble_LS2K0300/Example/ROS2_Humble_ws/build/path_blocked_tcp_bridge/build/lib/path_blocked_tcp_bridge
[2.521s] copying path_blocked_tcp_bridge/path_blocked_tcp_sender.py -> /home/niuwa/ROS2_Humble_LS2K0300/Example/ROS2_Humble_ws/build/path_blocked_tcp_bridge/build/lib/path_blocked_tcp_bridge
[2.521s] copying path_blocked_tcp_bridge/__init__.py -> /home/niuwa/ROS2_Humble_LS2K0300/Example/ROS2_Humble_ws/build/path_blocked_tcp_bridge/build/lib/path_blocked_tcp_bridge
[2.523s] running install
[2.523s] running install_lib
[2.523s] creating /home/niuwa/ROS2_Humble_LS2K0300/Example/ROS2_Humble_ws/install/path_blocked_tcp_bridge/lib/python3.10/site-packages/path_blocked_tcp_bridge
[2.524s] copying /home/niuwa/ROS2_Humble_LS2K0300/Example/ROS2_Humble_ws/build/path_blocked_tcp_bridge/build/lib/path_blocked_tcp_bridge/path_blocked_tcp_sender.py -> /home/niuwa/ROS2_Humble_LS2K0300/Example/ROS2_Humble_ws/install/path_blocked_tcp_bridge/lib/python3.10/site-packages/path_blocked_tcp_bridge
[2.525s] copying /home/niuwa/ROS2_Humble_LS2K0300/Example/ROS2_Humble_ws/build/path_blocked_tcp_bridge/build/lib/path_blocked_tcp_bridge/__init__.py -> /home/niuwa/ROS2_Humble_LS2K0300/Example/ROS2_Humble_ws/install/path_blocked_tcp_bridge/lib/python3.10/site-packages/path_blocked_tcp_bridge
[2.525s] byte-compiling /home/niuwa/ROS2_Humble_LS2K0300/Example/ROS2_Humble_ws/install/path_blocked_tcp_bridge/lib/python3.10/site-packages/path_blocked_tcp_bridge/path_blocked_tcp_sender.py to path_blocked_tcp_sender.cpython-310.pyc
[2.526s] byte-compiling /home/niuwa/ROS2_Humble_LS2K0300/Example/ROS2_Humble_ws/install/path_blocked_tcp_bridge/lib/python3.10/site-packages/path_blocked_tcp_bridge/__init__.py to __init__.cpython-310.pyc
[2.527s] running install_data
[2.527s] creating /home/niuwa/ROS2_Humble_LS2K0300/Example/ROS2_Humble_ws/install/path_blocked_tcp_bridge/share/ament_index
[2.528s] creating /home/niuwa/ROS2_Humble_LS2K0300/Example/ROS2_Humble_ws/install/path_blocked_tcp_bridge/share/ament_index/resource_index
[2.529s] creating /home/niuwa/ROS2_Humble_LS2K0300/Example/ROS2_Humble_ws/install/path_blocked_tcp_bridge/share/ament_index/resource_index/packages
[2.529s] copying resource/path_blocked_tcp_bridge -> /home/niuwa/ROS2_Humble_LS2K0300/Example/ROS2_Humble_ws/install/path_blocked_tcp_bridge/share/ament_index/resource_index/packages
[2.529s] copying package.xml -> /home/niuwa/ROS2_Humble_LS2K0300/Example/ROS2_Humble_ws/install/path_blocked_tcp_bridge/share/path_blocked_tcp_bridge
[2.529s] running install_egg_info
[2.531s] Copying ../../build/path_blocked_tcp_bridge/path_blocked_tcp_bridge.egg-info to /home/niuwa/ROS2_Humble_LS2K0300/Example/ROS2_Humble_ws/install/path_blocked_tcp_bridge/lib/python3.10/site-packages/path_blocked_tcp_bridge-0.0.0-py3.10.egg-info
[2.533s] running install_scripts
[2.579s] Installing path_blocked_tcp_sender script to /home/niuwa/ROS2_Humble_LS2K0300/Example/ROS2_Humble_ws/install/path_blocked_tcp_bridge/lib/path_blocked_tcp_bridge
[2.579s] writing list of installed files to '/home/niuwa/ROS2_Humble_LS2K0300/Example/ROS2_Humble_ws/build/path_blocked_tcp_bridge/install.log'
[2.634s] Invoked command in '/home/niuwa/ROS2_Humble_LS2K0300/Example/ROS2_Humble_ws/src/path_blocked_tcp_bridge' returned '0': PYTHONPATH=/home/niuwa/ROS2_Humble_LS2K0300/Example/ROS2_Humble_ws/build/path_blocked_tcp_bridge/prefix_override:/usr/lib/python3/dist-packages/colcon_core/task/python/colcon_distutils_commands:/home/niuwa/ROS2_Humble_LS2K0300/Example/ROS2_Humble_ws/install/path_blocked_tcp_bridge/lib/python3.10/site-packages:${PYTHONPATH} /usr/bin/python3 -W ignore:setup.py install is deprecated -W ignore:easy_install command is deprecated setup.py egg_info --egg-base ../../build/path_blocked_tcp_bridge build --build-base /home/niuwa/ROS2_Humble_LS2K0300/Example/ROS2_Humble_ws/build/path_blocked_tcp_bridge/build install --record /home/niuwa/ROS2_Humble_LS2K0300/Example/ROS2_Humble_ws/build/path_blocked_tcp_bridge/install.log --single-version-externally-managed install_data
