[0.117s] Invoking command in '/home/niuwa/ROS2_Humble_LS2K0300/Example/ROS2_Humble_ws/build/e06_map_server': CMAKE_PREFIX_PATH=/opt/ros/humble /usr/bin/cmake --build /home/niuwa/ROS2_Humble_LS2K0300/Example/ROS2_Humble_ws/build/e06_map_server -- -j6 -l6
[0.975s] Invoked command in '/home/niuwa/ROS2_Humble_LS2K0300/Example/ROS2_Humble_ws/build/e06_map_server' returned '0': CMAKE_PREFIX_PATH=/opt/ros/humble /usr/bin/cmake --build /home/niuwa/ROS2_Humble_LS2K0300/Example/ROS2_Humble_ws/build/e06_map_server -- -j6 -l6
[0.983s] Invoking command in '/home/niuwa/ROS2_Humble_LS2K0300/Example/ROS2_Humble_ws/build/e06_map_server': CMAKE_PREFIX_PATH=/opt/ros/humble /usr/bin/cmake --install /home/niuwa/ROS2_Humble_LS2K0300/Example/ROS2_Humble_ws/build/e06_map_server
[1.017s] -- Install configuration: ""
[1.017s] -- Up-to-date: /home/niuwa/ROS2_Humble_LS2K0300/Example/ROS2_Humble_ws/install/e06_map_server/share/e06_map_server/launch
[1.017s] -- Up-to-date: /home/niuwa/ROS2_Humble_LS2K0300/Example/ROS2_Humble_ws/install/e06_map_server/share/e06_map_server/launch/launch.py
[1.017s] -- Up-to-date: /home/niuwa/ROS2_Humble_LS2K0300/Example/ROS2_Humble_ws/install/e06_map_server/share/e06_map_server/launch/viewer_launch.py
[1.018s] -- Up-to-date: /home/niuwa/ROS2_Humble_LS2K0300/Example/ROS2_Humble_ws/install/e06_map_server/share/e06_map_server/map
[1.018s] -- Up-to-date: /home/niuwa/ROS2_Humble_LS2K0300/Example/ROS2_Humble_ws/install/e06_map_server/share/e06_map_server/map/my_map.yaml
[1.018s] -- Up-to-date: /home/niuwa/ROS2_Humble_LS2K0300/Example/ROS2_Humble_ws/install/e06_map_server/share/e06_map_server/map/my_map.pgm
[1.018s] -- Up-to-date: /home/niuwa/ROS2_Humble_LS2K0300/Example/ROS2_Humble_ws/install/e06_map_server/share/e06_map_server/rviz
[1.018s] -- Up-to-date: /home/niuwa/ROS2_Humble_LS2K0300/Example/ROS2_Humble_ws/install/e06_map_server/share/e06_map_server/rviz/map_server.rviz
[1.019s] -- Up-to-date: /home/niuwa/ROS2_Humble_LS2K0300/Example/ROS2_Humble_ws/install/e06_map_server/share/ament_index/resource_index/package_run_dependencies/e06_map_server
[1.019s] -- Up-to-date: /home/niuwa/ROS2_Humble_LS2K0300/Example/ROS2_Humble_ws/install/e06_map_server/share/ament_index/resource_index/parent_prefix_path/e06_map_server
[1.019s] -- Up-to-date: /home/niuwa/ROS2_Humble_LS2K0300/Example/ROS2_Humble_ws/install/e06_map_server/share/e06_map_server/environment/ament_prefix_path.sh
[1.019s] -- Up-to-date: /home/niuwa/ROS2_Humble_LS2K0300/Example/ROS2_Humble_ws/install/e06_map_server/share/e06_map_server/environment/ament_prefix_path.dsv
[1.020s] -- Up-to-date: /home/niuwa/ROS2_Humble_LS2K0300/Example/ROS2_Humble_ws/install/e06_map_server/share/e06_map_server/environment/path.sh
[1.020s] -- Up-to-date: /home/niuwa/ROS2_Humble_LS2K0300/Example/ROS2_Humble_ws/install/e06_map_server/share/e06_map_server/environment/path.dsv
[1.020s] -- Up-to-date: /home/niuwa/ROS2_Humble_LS2K0300/Example/ROS2_Humble_ws/install/e06_map_server/share/e06_map_server/local_setup.bash
[1.020s] -- Up-to-date: /home/niuwa/ROS2_Humble_LS2K0300/Example/ROS2_Humble_ws/install/e06_map_server/share/e06_map_server/local_setup.sh
[1.025s] -- Up-to-date: /home/niuwa/ROS2_Humble_LS2K0300/Example/ROS2_Humble_ws/install/e06_map_server/share/e06_map_server/local_setup.zsh
[1.027s] -- Up-to-date: /home/niuwa/ROS2_Humble_LS2K0300/Example/ROS2_Humble_ws/install/e06_map_server/share/e06_map_server/local_setup.dsv
[1.027s] -- Installing: /home/niuwa/ROS2_Humble_LS2K0300/Example/ROS2_Humble_ws/install/e06_map_server/share/e06_map_server/package.dsv
[1.027s] -- Up-to-date: /home/niuwa/ROS2_Humble_LS2K0300/Example/ROS2_Humble_ws/install/e06_map_server/share/ament_index/resource_index/packages/e06_map_server
[1.027s] -- Up-to-date: /home/niuwa/ROS2_Humble_LS2K0300/Example/ROS2_Humble_ws/install/e06_map_server/share/e06_map_server/cmake/e06_map_serverConfig.cmake
[1.028s] -- Up-to-date: /home/niuwa/ROS2_Humble_LS2K0300/Example/ROS2_Humble_ws/install/e06_map_server/share/e06_map_server/cmake/e06_map_serverConfig-version.cmake
[1.028s] -- Up-to-date: /home/niuwa/ROS2_Humble_LS2K0300/Example/ROS2_Humble_ws/install/e06_map_server/share/e06_map_server/package.xml
[1.117s] Invoked command in '/home/niuwa/ROS2_Humble_LS2K0300/Example/ROS2_Humble_ws/build/e06_map_server' returned '0': CMAKE_PREFIX_PATH=/opt/ros/humble /usr/bin/cmake --install /home/niuwa/ROS2_Humble_LS2K0300/Example/ROS2_Humble_ws/build/e06_map_server
