[0.055s] Invoking command in '/home/niuwa/ROS2_Humble_LS2K0300/Example/ROS2_Humble_ws/build/nav2_obstacle_ahead': CMAKE_PREFIX_PATH=/opt/ros/humble /usr/bin/cmake --build /home/niuwa/ROS2_Humble_LS2K0300/Example/ROS2_Humble_ws/build/nav2_obstacle_ahead -- -j6 -l6
[0.226s] [35m[1mConsolidate compiler generated dependencies of target nav2_obstacle_ahead_plugin[0m
[0.287s] [100%] Built target nav2_obstacle_ahead_plugin
[0.398s] Invoked command in '/home/niuwa/ROS2_Humble_LS2K0300/Example/ROS2_Humble_ws/build/nav2_obstacle_ahead' returned '0': CMAKE_PREFIX_PATH=/opt/ros/humble /usr/bin/cmake --build /home/niuwa/ROS2_Humble_LS2K0300/Example/ROS2_Humble_ws/build/nav2_obstacle_ahead -- -j6 -l6
[0.401s] Invoking command in '/home/niuwa/ROS2_Humble_LS2K0300/Example/ROS2_Humble_ws/build/nav2_obstacle_ahead': CMAKE_PREFIX_PATH=/opt/ros/humble /usr/bin/cmake --install /home/niuwa/ROS2_Humble_LS2K0300/Example/ROS2_Humble_ws/build/nav2_obstacle_ahead
[0.413s] -- Install configuration: ""
[0.415s] -- Up-to-date: /home/niuwa/ROS2_Humble_LS2K0300/Example/ROS2_Humble_ws/install/nav2_obstacle_ahead/share/nav2_obstacle_ahead/obstacle_ahead_plugin.xml
[0.416s] -- Up-to-date: /home/niuwa/ROS2_Humble_LS2K0300/Example/ROS2_Humble_ws/install/nav2_obstacle_ahead/lib/libnav2_obstacle_ahead_plugin.so
[0.418s] -- Up-to-date: /home/niuwa/ROS2_Humble_LS2K0300/Example/ROS2_Humble_ws/install/nav2_obstacle_ahead/include
[0.418s] -- Up-to-date: /home/niuwa/ROS2_Humble_LS2K0300/Example/ROS2_Humble_ws/install/nav2_obstacle_ahead/include/nav2_obstacle_ahead
[0.418s] -- Up-to-date: /home/niuwa/ROS2_Humble_LS2K0300/Example/ROS2_Humble_ws/install/nav2_obstacle_ahead/include/nav2_obstacle_ahead/obstacle_ahead_condition.hpp
[0.419s] -- Up-to-date: /home/niuwa/ROS2_Humble_LS2K0300/Example/ROS2_Humble_ws/install/nav2_obstacle_ahead/share/nav2_obstacle_ahead/behavior_trees
[0.420s] -- Up-to-date: /home/niuwa/ROS2_Humble_LS2K0300/Example/ROS2_Humble_ws/install/nav2_obstacle_ahead/share/nav2_obstacle_ahead/behavior_trees/navigate_with_obstacle_monitor.xml
[0.420s] -- Up-to-date: /home/niuwa/ROS2_Humble_LS2K0300/Example/ROS2_Humble_ws/install/nav2_obstacle_ahead/share/ament_index/resource_index/package_run_dependencies/nav2_obstacle_ahead
[0.420s] -- Up-to-date: /home/niuwa/ROS2_Humble_LS2K0300/Example/ROS2_Humble_ws/install/nav2_obstacle_ahead/share/ament_index/resource_index/parent_prefix_path/nav2_obstacle_ahead
[0.420s] -- Up-to-date: /home/niuwa/ROS2_Humble_LS2K0300/Example/ROS2_Humble_ws/install/nav2_obstacle_ahead/share/nav2_obstacle_ahead/environment/ament_prefix_path.sh
[0.420s] -- Up-to-date: /home/niuwa/ROS2_Humble_LS2K0300/Example/ROS2_Humble_ws/install/nav2_obstacle_ahead/share/nav2_obstacle_ahead/environment/ament_prefix_path.dsv
[0.421s] -- Up-to-date: /home/niuwa/ROS2_Humble_LS2K0300/Example/ROS2_Humble_ws/install/nav2_obstacle_ahead/share/nav2_obstacle_ahead/environment/path.sh
[0.421s] -- Up-to-date: /home/niuwa/ROS2_Humble_LS2K0300/Example/ROS2_Humble_ws/install/nav2_obstacle_ahead/share/nav2_obstacle_ahead/environment/path.dsv
[0.421s] -- Up-to-date: /home/niuwa/ROS2_Humble_LS2K0300/Example/ROS2_Humble_ws/install/nav2_obstacle_ahead/share/nav2_obstacle_ahead/local_setup.bash
[0.421s] -- Up-to-date: /home/niuwa/ROS2_Humble_LS2K0300/Example/ROS2_Humble_ws/install/nav2_obstacle_ahead/share/nav2_obstacle_ahead/local_setup.sh
[0.422s] -- Up-to-date: /home/niuwa/ROS2_Humble_LS2K0300/Example/ROS2_Humble_ws/install/nav2_obstacle_ahead/share/nav2_obstacle_ahead/local_setup.zsh
[0.422s] -- Up-to-date: /home/niuwa/ROS2_Humble_LS2K0300/Example/ROS2_Humble_ws/install/nav2_obstacle_ahead/share/nav2_obstacle_ahead/local_setup.dsv
[0.422s] -- Installing: /home/niuwa/ROS2_Humble_LS2K0300/Example/ROS2_Humble_ws/install/nav2_obstacle_ahead/share/nav2_obstacle_ahead/package.dsv
[0.422s] -- Up-to-date: /home/niuwa/ROS2_Humble_LS2K0300/Example/ROS2_Humble_ws/install/nav2_obstacle_ahead/share/ament_index/resource_index/packages/nav2_obstacle_ahead
[0.422s] -- Up-to-date: /home/niuwa/ROS2_Humble_LS2K0300/Example/ROS2_Humble_ws/install/nav2_obstacle_ahead/share/ament_index/resource_index/behaviortree_cpp_v3__pluginlib__plugin/nav2_obstacle_ahead
[0.422s] -- Up-to-date: /home/niuwa/ROS2_Humble_LS2K0300/Example/ROS2_Humble_ws/install/nav2_obstacle_ahead/share/nav2_obstacle_ahead/cmake/nav2_obstacle_aheadConfig.cmake
[0.423s] -- Up-to-date: /home/niuwa/ROS2_Humble_LS2K0300/Example/ROS2_Humble_ws/install/nav2_obstacle_ahead/share/nav2_obstacle_ahead/cmake/nav2_obstacle_aheadConfig-version.cmake
[0.423s] -- Up-to-date: /home/niuwa/ROS2_Humble_LS2K0300/Example/ROS2_Humble_ws/install/nav2_obstacle_ahead/share/nav2_obstacle_ahead/package.xml
[0.456s] Invoked command in '/home/niuwa/ROS2_Humble_LS2K0300/Example/ROS2_Humble_ws/build/nav2_obstacle_ahead' returned '0': CMAKE_PREFIX_PATH=/opt/ros/humble /usr/bin/cmake --install /home/niuwa/ROS2_Humble_LS2K0300/Example/ROS2_Humble_ws/build/nav2_obstacle_ahead
