[1.614s] Invoking command in '/home/niuwa/ROS2_Humble_LS2K0300/Example/ROS2_Humble_ws/src/path_blocked_tcp_bridge': PYTHONPATH=/home/niuwa/ROS2_Humble_LS2K0300/Example/ROS2_Humble_ws/build/path_blocked_tcp_bridge/prefix_override:/usr/lib/python3/dist-packages/colcon_core/task/python/colcon_distutils_commands:/home/niuwa/ROS2_Humble_LS2K0300/Example/ROS2_Humble_ws/install/path_blocked_tcp_bridge/lib/python3.10/site-packages:${PYTHONPATH} /usr/bin/python3 -W ignore:setup.py install is deprecated -W ignore:easy_install command is deprecated setup.py egg_info --egg-base ../../build/path_blocked_tcp_bridge build --build-base /home/niuwa/ROS2_Humble_LS2K0300/Example/ROS2_Humble_ws/build/path_blocked_tcp_bridge/build install --record /home/niuwa/ROS2_Humble_LS2K0300/Example/ROS2_Humble_ws/build/path_blocked_tcp_bridge/install.log --single-version-externally-managed install_data
[1.961s] running egg_info
[1.963s] writing ../../build/path_blocked_tcp_bridge/path_blocked_tcp_bridge.egg-info/PKG-INFO
[1.963s] writing dependency_links to ../../build/path_blocked_tcp_bridge/path_blocked_tcp_bridge.egg-info/dependency_links.txt
[1.963s] writing entry points to ../../build/path_blocked_tcp_bridge/path_blocked_tcp_bridge.egg-info/entry_points.txt
[1.964s] writing requirements to ../../build/path_blocked_tcp_bridge/path_blocked_tcp_bridge.egg-info/requires.txt
[1.964s] writing top-level names to ../../build/path_blocked_tcp_bridge/path_blocked_tcp_bridge.egg-info/top_level.txt
[1.965s] reading manifest file '../../build/path_blocked_tcp_bridge/path_blocked_tcp_bridge.egg-info/SOURCES.txt'
[1.967s] writing manifest file '../../build/path_blocked_tcp_bridge/path_blocked_tcp_bridge.egg-info/SOURCES.txt'
[1.967s] running build
[1.967s] running build_py
[1.968s] copying path_blocked_tcp_bridge/path_blocked_tcp_sender.py -> /home/niuwa/ROS2_Humble_LS2K0300/Example/ROS2_Humble_ws/build/path_blocked_tcp_bridge/build/lib/path_blocked_tcp_bridge
[1.968s] running install
[1.970s] running install_lib
[1.970s] copying /home/niuwa/ROS2_Humble_LS2K0300/Example/ROS2_Humble_ws/build/path_blocked_tcp_bridge/build/lib/path_blocked_tcp_bridge/path_blocked_tcp_sender.py -> /home/niuwa/ROS2_Humble_LS2K0300/Example/ROS2_Humble_ws/install/path_blocked_tcp_bridge/lib/python3.10/site-packages/path_blocked_tcp_bridge
[1.970s] byte-compiling /home/niuwa/ROS2_Humble_LS2K0300/Example/ROS2_Humble_ws/install/path_blocked_tcp_bridge/lib/python3.10/site-packages/path_blocked_tcp_bridge/path_blocked_tcp_sender.py to path_blocked_tcp_sender.cpython-310.pyc
[1.973s] running install_data
[1.973s] running install_egg_info
[1.975s] removing '/home/niuwa/ROS2_Humble_LS2K0300/Example/ROS2_Humble_ws/install/path_blocked_tcp_bridge/lib/python3.10/site-packages/path_blocked_tcp_bridge-0.0.0-py3.10.egg-info' (and everything under it)
[1.976s] Copying ../../build/path_blocked_tcp_bridge/path_blocked_tcp_bridge.egg-info to /home/niuwa/ROS2_Humble_LS2K0300/Example/ROS2_Humble_ws/install/path_blocked_tcp_bridge/lib/python3.10/site-packages/path_blocked_tcp_bridge-0.0.0-py3.10.egg-info
[1.982s] running install_scripts
[2.021s] Installing path_blocked_tcp_sender script to /home/niuwa/ROS2_Humble_LS2K0300/Example/ROS2_Humble_ws/install/path_blocked_tcp_bridge/lib/path_blocked_tcp_bridge
[2.022s] writing list of installed files to '/home/niuwa/ROS2_Humble_LS2K0300/Example/ROS2_Humble_ws/build/path_blocked_tcp_bridge/install.log'
[2.073s] Invoked command in '/home/niuwa/ROS2_Humble_LS2K0300/Example/ROS2_Humble_ws/src/path_blocked_tcp_bridge' returned '0': PYTHONPATH=/home/niuwa/ROS2_Humble_LS2K0300/Example/ROS2_Humble_ws/build/path_blocked_tcp_bridge/prefix_override:/usr/lib/python3/dist-packages/colcon_core/task/python/colcon_distutils_commands:/home/niuwa/ROS2_Humble_LS2K0300/Example/ROS2_Humble_ws/install/path_blocked_tcp_bridge/lib/python3.10/site-packages:${PYTHONPATH} /usr/bin/python3 -W ignore:setup.py install is deprecated -W ignore:easy_install command is deprecated setup.py egg_info --egg-base ../../build/path_blocked_tcp_bridge build --build-base /home/niuwa/ROS2_Humble_LS2K0300/Example/ROS2_Humble_ws/build/path_blocked_tcp_bridge/build install --record /home/niuwa/ROS2_Humble_LS2K0300/Example/ROS2_Humble_ws/build/path_blocked_tcp_bridge/install.log --single-version-externally-managed install_data
