[0.141s] Invoking command in '/home/niuwa/ROS2_Humble_LS2K0300/Example/ROS2_Humble_ws/build/e05_slam_toolbox_mapping': CMAKE_PREFIX_PATH=/opt/ros/humble /usr/bin/cmake --build /home/niuwa/ROS2_Humble_LS2K0300/Example/ROS2_Humble_ws/build/e05_slam_toolbox_mapping -- -j6 -l6
[0.650s] Invoked command in '/home/niuwa/ROS2_Humble_LS2K0300/Example/ROS2_Humble_ws/build/e05_slam_toolbox_mapping' returned '0': CMAKE_PREFIX_PATH=/opt/ros/humble /usr/bin/cmake --build /home/niuwa/ROS2_Humble_LS2K0300/Example/ROS2_Humble_ws/build/e05_slam_toolbox_mapping -- -j6 -l6
[0.651s] Invoking command in '/home/niuwa/ROS2_Humble_LS2K0300/Example/ROS2_Humble_ws/build/e05_slam_toolbox_mapping': CMAKE_PREFIX_PATH=/opt/ros/humble /usr/bin/cmake --install /home/niuwa/ROS2_Humble_LS2K0300/Example/ROS2_Humble_ws/build/e05_slam_toolbox_mapping
[0.670s] -- Install configuration: ""
[0.670s] -- Up-to-date: /home/niuwa/ROS2_Humble_LS2K0300/Example/ROS2_Humble_ws/install/e05_slam_toolbox_mapping/share/e05_slam_toolbox_mapping/launch
[0.670s] -- Up-to-date: /home/niuwa/ROS2_Humble_LS2K0300/Example/ROS2_Humble_ws/install/e05_slam_toolbox_mapping/share/e05_slam_toolbox_mapping/launch/slam_toolbox_launch.py
[0.671s] -- Up-to-date: /home/niuwa/ROS2_Humble_LS2K0300/Example/ROS2_Humble_ws/install/e05_slam_toolbox_mapping/share/e05_slam_toolbox_mapping/params
[0.671s] -- Up-to-date: /home/niuwa/ROS2_Humble_LS2K0300/Example/ROS2_Humble_ws/install/e05_slam_toolbox_mapping/share/e05_slam_toolbox_mapping/params/slam_toolbox.yaml
[0.671s] -- Up-to-date: /home/niuwa/ROS2_Humble_LS2K0300/Example/ROS2_Humble_ws/install/e05_slam_toolbox_mapping/share/ament_index/resource_index/package_run_dependencies/e05_slam_toolbox_mapping
[0.671s] -- Up-to-date: /home/niuwa/ROS2_Humble_LS2K0300/Example/ROS2_Humble_ws/install/e05_slam_toolbox_mapping/share/ament_index/resource_index/parent_prefix_path/e05_slam_toolbox_mapping
[0.671s] -- Up-to-date: /home/niuwa/ROS2_Humble_LS2K0300/Example/ROS2_Humble_ws/install/e05_slam_toolbox_mapping/share/e05_slam_toolbox_mapping/environment/ament_prefix_path.sh
[0.671s] -- Up-to-date: /home/niuwa/ROS2_Humble_LS2K0300/Example/ROS2_Humble_ws/install/e05_slam_toolbox_mapping/share/e05_slam_toolbox_mapping/environment/ament_prefix_path.dsv
[0.671s] -- Up-to-date: /home/niuwa/ROS2_Humble_LS2K0300/Example/ROS2_Humble_ws/install/e05_slam_toolbox_mapping/share/e05_slam_toolbox_mapping/environment/path.sh
[0.678s] -- Up-to-date: /home/niuwa/ROS2_Humble_LS2K0300/Example/ROS2_Humble_ws/install/e05_slam_toolbox_mapping/share/e05_slam_toolbox_mapping/environment/path.dsv
[0.679s] -- Up-to-date: /home/niuwa/ROS2_Humble_LS2K0300/Example/ROS2_Humble_ws/install/e05_slam_toolbox_mapping/share/e05_slam_toolbox_mapping/local_setup.bash
[0.679s] -- Up-to-date: /home/niuwa/ROS2_Humble_LS2K0300/Example/ROS2_Humble_ws/install/e05_slam_toolbox_mapping/share/e05_slam_toolbox_mapping/local_setup.sh
[0.679s] -- Up-to-date: /home/niuwa/ROS2_Humble_LS2K0300/Example/ROS2_Humble_ws/install/e05_slam_toolbox_mapping/share/e05_slam_toolbox_mapping/local_setup.zsh
[0.680s] -- Up-to-date: /home/niuwa/ROS2_Humble_LS2K0300/Example/ROS2_Humble_ws/install/e05_slam_toolbox_mapping/share/e05_slam_toolbox_mapping/local_setup.dsv
[0.680s] -- Installing: /home/niuwa/ROS2_Humble_LS2K0300/Example/ROS2_Humble_ws/install/e05_slam_toolbox_mapping/share/e05_slam_toolbox_mapping/package.dsv
[0.681s] -- Up-to-date: /home/niuwa/ROS2_Humble_LS2K0300/Example/ROS2_Humble_ws/install/e05_slam_toolbox_mapping/share/ament_index/resource_index/packages/e05_slam_toolbox_mapping
[0.681s] -- Up-to-date: /home/niuwa/ROS2_Humble_LS2K0300/Example/ROS2_Humble_ws/install/e05_slam_toolbox_mapping/share/e05_slam_toolbox_mapping/cmake/e05_slam_toolbox_mappingConfig.cmake
[0.681s] -- Up-to-date: /home/niuwa/ROS2_Humble_LS2K0300/Example/ROS2_Humble_ws/install/e05_slam_toolbox_mapping/share/e05_slam_toolbox_mapping/cmake/e05_slam_toolbox_mappingConfig-version.cmake
[0.681s] -- Up-to-date: /home/niuwa/ROS2_Humble_LS2K0300/Example/ROS2_Humble_ws/install/e05_slam_toolbox_mapping/share/e05_slam_toolbox_mapping/package.xml
[0.728s] Invoked command in '/home/niuwa/ROS2_Humble_LS2K0300/Example/ROS2_Humble_ws/build/e05_slam_toolbox_mapping' returned '0': CMAKE_PREFIX_PATH=/opt/ros/humble /usr/bin/cmake --install /home/niuwa/ROS2_Humble_LS2K0300/Example/ROS2_Humble_ws/build/e05_slam_toolbox_mapping
