[0.046s] Invoking command in '/home/niuwa/ROS2_Humble_LS2K0300/Example/ROS2_Humble_ws/build/simple_pursuit_controller': CMAKE_PREFIX_PATH=/opt/ros/humble /usr/bin/cmake --build /home/niuwa/ROS2_Humble_LS2K0300/Example/ROS2_Humble_ws/build/simple_pursuit_controller -- -j6 -l6
[0.329s] [100%] Built target simple_pursuit_controller
[0.354s] Invoked command in '/home/niuwa/ROS2_Humble_LS2K0300/Example/ROS2_Humble_ws/build/simple_pursuit_controller' returned '0': CMAKE_PREFIX_PATH=/opt/ros/humble /usr/bin/cmake --build /home/niuwa/ROS2_Humble_LS2K0300/Example/ROS2_Humble_ws/build/simple_pursuit_controller -- -j6 -l6
[0.360s] Invoking command in '/home/niuwa/ROS2_Humble_LS2K0300/Example/ROS2_Humble_ws/build/simple_pursuit_controller': CMAKE_PREFIX_PATH=/opt/ros/humble /usr/bin/cmake --install /home/niuwa/ROS2_Humble_LS2K0300/Example/ROS2_Humble_ws/build/simple_pursuit_controller
[0.377s] -- Install configuration: "Release"
[0.378s] -- Up-to-date: /home/niuwa/ROS2_Humble_LS2K0300/Example/ROS2_Humble_ws/install/simple_pursuit_controller/lib/libsimple_pursuit_controller.so
[0.379s] -- Up-to-date: /home/niuwa/ROS2_Humble_LS2K0300/Example/ROS2_Humble_ws/install/simple_pursuit_controller/include/simple_pursuit_controller
[0.379s] -- Up-to-date: /home/niuwa/ROS2_Humble_LS2K0300/Example/ROS2_Humble_ws/install/simple_pursuit_controller/include/simple_pursuit_controller/simple_pursuit_controller
[0.380s] -- Up-to-date: /home/niuwa/ROS2_Humble_LS2K0300/Example/ROS2_Humble_ws/install/simple_pursuit_controller/include/simple_pursuit_controller/simple_pursuit_controller/simple_pursuit_controller.hpp
[0.380s] -- Up-to-date: /home/niuwa/ROS2_Humble_LS2K0300/Example/ROS2_Humble_ws/install/simple_pursuit_controller/share/simple_pursuit_controller/simple_pursuit_controller.xml
[0.381s] -- Up-to-date: /home/niuwa/ROS2_Humble_LS2K0300/Example/ROS2_Humble_ws/install/simple_pursuit_controller/share/simple_pursuit_controller/simple_pursuit_controller.xml
[0.382s] -- Up-to-date: /home/niuwa/ROS2_Humble_LS2K0300/Example/ROS2_Humble_ws/install/simple_pursuit_controller/share/ament_index/resource_index/package_run_dependencies/simple_pursuit_controller
[0.382s] -- Up-to-date: /home/niuwa/ROS2_Humble_LS2K0300/Example/ROS2_Humble_ws/install/simple_pursuit_controller/share/ament_index/resource_index/parent_prefix_path/simple_pursuit_controller
[0.383s] -- Up-to-date: /home/niuwa/ROS2_Humble_LS2K0300/Example/ROS2_Humble_ws/install/simple_pursuit_controller/share/simple_pursuit_controller/environment/ament_prefix_path.sh
[0.383s] -- Up-to-date: /home/niuwa/ROS2_Humble_LS2K0300/Example/ROS2_Humble_ws/install/simple_pursuit_controller/share/simple_pursuit_controller/environment/ament_prefix_path.dsv
[0.385s] -- Up-to-date: /home/niuwa/ROS2_Humble_LS2K0300/Example/ROS2_Humble_ws/install/simple_pursuit_controller/share/simple_pursuit_controller/environment/path.sh
[0.385s] -- Up-to-date: /home/niuwa/ROS2_Humble_LS2K0300/Example/ROS2_Humble_ws/install/simple_pursuit_controller/share/simple_pursuit_controller/environment/path.dsv
[0.385s] -- Up-to-date: /home/niuwa/ROS2_Humble_LS2K0300/Example/ROS2_Humble_ws/install/simple_pursuit_controller/share/simple_pursuit_controller/local_setup.bash
[0.385s] -- Up-to-date: /home/niuwa/ROS2_Humble_LS2K0300/Example/ROS2_Humble_ws/install/simple_pursuit_controller/share/simple_pursuit_controller/local_setup.sh
[0.386s] -- Up-to-date: /home/niuwa/ROS2_Humble_LS2K0300/Example/ROS2_Humble_ws/install/simple_pursuit_controller/share/simple_pursuit_controller/local_setup.zsh
[0.386s] -- Up-to-date: /home/niuwa/ROS2_Humble_LS2K0300/Example/ROS2_Humble_ws/install/simple_pursuit_controller/share/simple_pursuit_controller/local_setup.dsv
[0.387s] -- Installing: /home/niuwa/ROS2_Humble_LS2K0300/Example/ROS2_Humble_ws/install/simple_pursuit_controller/share/simple_pursuit_controller/package.dsv
[0.388s] -- Up-to-date: /home/niuwa/ROS2_Humble_LS2K0300/Example/ROS2_Humble_ws/install/simple_pursuit_controller/share/ament_index/resource_index/packages/simple_pursuit_controller
[0.388s] -- Up-to-date: /home/niuwa/ROS2_Humble_LS2K0300/Example/ROS2_Humble_ws/install/simple_pursuit_controller/share/ament_index/resource_index/nav2_core__pluginlib__plugin/simple_pursuit_controller
[0.389s] -- Up-to-date: /home/niuwa/ROS2_Humble_LS2K0300/Example/ROS2_Humble_ws/install/simple_pursuit_controller/share/simple_pursuit_controller/cmake/simple_pursuit_controllerConfig.cmake
[0.389s] -- Up-to-date: /home/niuwa/ROS2_Humble_LS2K0300/Example/ROS2_Humble_ws/install/simple_pursuit_controller/share/simple_pursuit_controller/cmake/simple_pursuit_controllerConfig-version.cmake
[0.389s] -- Up-to-date: /home/niuwa/ROS2_Humble_LS2K0300/Example/ROS2_Humble_ws/install/simple_pursuit_controller/share/simple_pursuit_controller/package.xml
[0.395s] Invoked command in '/home/niuwa/ROS2_Humble_LS2K0300/Example/ROS2_Humble_ws/build/simple_pursuit_controller' returned '0': CMAKE_PREFIX_PATH=/opt/ros/humble /usr/bin/cmake --install /home/niuwa/ROS2_Humble_LS2K0300/Example/ROS2_Humble_ws/build/simple_pursuit_controller
