[0.127s] Invoking command in '/home/niuwa/ROS2_Humble_LS2K0300/Example/ROS2_Humble_ws/build/e06_map_server': CMAKE_PREFIX_PATH=/opt/ros/humble /usr/bin/cmake --build /home/niuwa/ROS2_Humble_LS2K0300/Example/ROS2_Humble_ws/build/e06_map_server -- -j6 -l6
[0.695s] Invoked command in '/home/niuwa/ROS2_Humble_LS2K0300/Example/ROS2_Humble_ws/build/e06_map_server' returned '0': CMAKE_PREFIX_PATH=/opt/ros/humble /usr/bin/cmake --build /home/niuwa/ROS2_Humble_LS2K0300/Example/ROS2_Humble_ws/build/e06_map_server -- -j6 -l6
[0.701s] Invoking command in '/home/niuwa/ROS2_Humble_LS2K0300/Example/ROS2_Humble_ws/build/e06_map_server': CMAKE_PREFIX_PATH=/opt/ros/humble /usr/bin/cmake --install /home/niuwa/ROS2_Humble_LS2K0300/Example/ROS2_Humble_ws/build/e06_map_server
[0.754s] -- Install configuration: ""
[0.754s] -- Up-to-date: /home/niuwa/ROS2_Humble_LS2K0300/Example/ROS2_Humble_ws/install/e06_map_server/share/e06_map_server/launch
[0.754s] -- Up-to-date: /home/niuwa/ROS2_Humble_LS2K0300/Example/ROS2_Humble_ws/install/e06_map_server/share/e06_map_server/launch/launch.py
[0.754s] -- Up-to-date: /home/niuwa/ROS2_Humble_LS2K0300/Example/ROS2_Humble_ws/install/e06_map_server/share/e06_map_server/launch/viewer_launch.py
[0.754s] -- Up-to-date: /home/niuwa/ROS2_Humble_LS2K0300/Example/ROS2_Humble_ws/install/e06_map_server/share/e06_map_server/map
[0.755s] -- Up-to-date: /home/niuwa/ROS2_Humble_LS2K0300/Example/ROS2_Humble_ws/install/e06_map_server/share/e06_map_server/map/my_map.yaml
[0.755s] -- Up-to-date: /home/niuwa/ROS2_Humble_LS2K0300/Example/ROS2_Humble_ws/install/e06_map_server/share/e06_map_server/map/my_map.pgm
[0.755s] -- Up-to-date: /home/niuwa/ROS2_Humble_LS2K0300/Example/ROS2_Humble_ws/install/e06_map_server/share/e06_map_server/rviz
[0.756s] -- Up-to-date: /home/niuwa/ROS2_Humble_LS2K0300/Example/ROS2_Humble_ws/install/e06_map_server/share/e06_map_server/rviz/map_server.rviz
[0.756s] -- Up-to-date: /home/niuwa/ROS2_Humble_LS2K0300/Example/ROS2_Humble_ws/install/e06_map_server/share/ament_index/resource_index/package_run_dependencies/e06_map_server
[0.756s] -- Up-to-date: /home/niuwa/ROS2_Humble_LS2K0300/Example/ROS2_Humble_ws/install/e06_map_server/share/ament_index/resource_index/parent_prefix_path/e06_map_server
[0.756s] -- Up-to-date: /home/niuwa/ROS2_Humble_LS2K0300/Example/ROS2_Humble_ws/install/e06_map_server/share/e06_map_server/environment/ament_prefix_path.sh
[0.756s] -- Up-to-date: /home/niuwa/ROS2_Humble_LS2K0300/Example/ROS2_Humble_ws/install/e06_map_server/share/e06_map_server/environment/ament_prefix_path.dsv
[0.757s] -- Up-to-date: /home/niuwa/ROS2_Humble_LS2K0300/Example/ROS2_Humble_ws/install/e06_map_server/share/e06_map_server/environment/path.sh
[0.757s] -- Up-to-date: /home/niuwa/ROS2_Humble_LS2K0300/Example/ROS2_Humble_ws/install/e06_map_server/share/e06_map_server/environment/path.dsv
[0.757s] -- Up-to-date: /home/niuwa/ROS2_Humble_LS2K0300/Example/ROS2_Humble_ws/install/e06_map_server/share/e06_map_server/local_setup.bash
[0.757s] -- Up-to-date: /home/niuwa/ROS2_Humble_LS2K0300/Example/ROS2_Humble_ws/install/e06_map_server/share/e06_map_server/local_setup.sh
[0.757s] -- Up-to-date: /home/niuwa/ROS2_Humble_LS2K0300/Example/ROS2_Humble_ws/install/e06_map_server/share/e06_map_server/local_setup.zsh
[0.757s] -- Up-to-date: /home/niuwa/ROS2_Humble_LS2K0300/Example/ROS2_Humble_ws/install/e06_map_server/share/e06_map_server/local_setup.dsv
[0.757s] -- Installing: /home/niuwa/ROS2_Humble_LS2K0300/Example/ROS2_Humble_ws/install/e06_map_server/share/e06_map_server/package.dsv
[0.758s] -- Up-to-date: /home/niuwa/ROS2_Humble_LS2K0300/Example/ROS2_Humble_ws/install/e06_map_server/share/ament_index/resource_index/packages/e06_map_server
[0.758s] -- Up-to-date: /home/niuwa/ROS2_Humble_LS2K0300/Example/ROS2_Humble_ws/install/e06_map_server/share/e06_map_server/cmake/e06_map_serverConfig.cmake
[0.758s] -- Up-to-date: /home/niuwa/ROS2_Humble_LS2K0300/Example/ROS2_Humble_ws/install/e06_map_server/share/e06_map_server/cmake/e06_map_serverConfig-version.cmake
[0.758s] -- Up-to-date: /home/niuwa/ROS2_Humble_LS2K0300/Example/ROS2_Humble_ws/install/e06_map_server/share/e06_map_server/package.xml
[1.294s] Invoked command in '/home/niuwa/ROS2_Humble_LS2K0300/Example/ROS2_Humble_ws/build/e06_map_server' returned '0': CMAKE_PREFIX_PATH=/opt/ros/humble /usr/bin/cmake --install /home/niuwa/ROS2_Humble_LS2K0300/Example/ROS2_Humble_ws/build/e06_map_server
