[0.043s] Invoking command in '/home/niuwa/ROS2_Humble_LS2K0300/Example/ROS2_Humble_ws/build/e02_laser_tcp_recv': CMAKE_PREFIX_PATH=/opt/ros/humble /usr/bin/cmake --build /home/niuwa/ROS2_Humble_LS2K0300/Example/ROS2_Humble_ws/build/e02_laser_tcp_recv -- -j6 -l6
[0.171s] [100%] Built target e02_laser_tcp_recv_node
[0.220s] Invoked command in '/home/niuwa/ROS2_Humble_LS2K0300/Example/ROS2_Humble_ws/build/e02_laser_tcp_recv' returned '0': CMAKE_PREFIX_PATH=/opt/ros/humble /usr/bin/cmake --build /home/niuwa/ROS2_Humble_LS2K0300/Example/ROS2_Humble_ws/build/e02_laser_tcp_recv -- -j6 -l6
[0.223s] Invoking command in '/home/niuwa/ROS2_Humble_LS2K0300/Example/ROS2_Humble_ws/build/e02_laser_tcp_recv': CMAKE_PREFIX_PATH=/opt/ros/humble /usr/bin/cmake --install /home/niuwa/ROS2_Humble_LS2K0300/Example/ROS2_Humble_ws/build/e02_laser_tcp_recv
[0.240s] -- Install configuration: ""
[0.240s] -- Up-to-date: /home/niuwa/ROS2_Humble_LS2K0300/Example/ROS2_Humble_ws/install/e02_laser_tcp_recv/lib/e02_laser_tcp_recv/e02_laser_tcp_recv_node
[0.240s] -- Up-to-date: /home/niuwa/ROS2_Humble_LS2K0300/Example/ROS2_Humble_ws/install/e02_laser_tcp_recv/share/e02_laser_tcp_recv//launch
[0.240s] -- Up-to-date: /home/niuwa/ROS2_Humble_LS2K0300/Example/ROS2_Humble_ws/install/e02_laser_tcp_recv/share/e02_laser_tcp_recv//launch/ld19.launch.py
[0.240s] -- Up-to-date: /home/niuwa/ROS2_Humble_LS2K0300/Example/ROS2_Humble_ws/install/e02_laser_tcp_recv/share/e02_laser_tcp_recv//launch/viewer_ld19.launch.py
[0.240s] -- Up-to-date: /home/niuwa/ROS2_Humble_LS2K0300/Example/ROS2_Humble_ws/install/e02_laser_tcp_recv/share/e02_laser_tcp_recv//rviz
[0.240s] -- Up-to-date: /home/niuwa/ROS2_Humble_LS2K0300/Example/ROS2_Humble_ws/install/e02_laser_tcp_recv/share/e02_laser_tcp_recv//rviz/ldlidar.rviz
[0.240s] -- Up-to-date: /home/niuwa/ROS2_Humble_LS2K0300/Example/ROS2_Humble_ws/install/e02_laser_tcp_recv/share/ament_index/resource_index/package_run_dependencies/e02_laser_tcp_recv
[0.240s] -- Up-to-date: /home/niuwa/ROS2_Humble_LS2K0300/Example/ROS2_Humble_ws/install/e02_laser_tcp_recv/share/ament_index/resource_index/parent_prefix_path/e02_laser_tcp_recv
[0.240s] -- Up-to-date: /home/niuwa/ROS2_Humble_LS2K0300/Example/ROS2_Humble_ws/install/e02_laser_tcp_recv/share/e02_laser_tcp_recv/environment/ament_prefix_path.sh
[0.241s] -- Up-to-date: /home/niuwa/ROS2_Humble_LS2K0300/Example/ROS2_Humble_ws/install/e02_laser_tcp_recv/share/e02_laser_tcp_recv/environment/ament_prefix_path.dsv
[0.241s] -- Up-to-date: /home/niuwa/ROS2_Humble_LS2K0300/Example/ROS2_Humble_ws/install/e02_laser_tcp_recv/share/e02_laser_tcp_recv/environment/path.sh
[0.241s] -- Up-to-date: /home/niuwa/ROS2_Humble_LS2K0300/Example/ROS2_Humble_ws/install/e02_laser_tcp_recv/share/e02_laser_tcp_recv/environment/path.dsv
[0.242s] -- Up-to-date: /home/niuwa/ROS2_Humble_LS2K0300/Example/ROS2_Humble_ws/install/e02_laser_tcp_recv/share/e02_laser_tcp_recv/local_setup.bash
[0.242s] -- Up-to-date: /home/niuwa/ROS2_Humble_LS2K0300/Example/ROS2_Humble_ws/install/e02_laser_tcp_recv/share/e02_laser_tcp_recv/local_setup.sh
[0.242s] -- Up-to-date: /home/niuwa/ROS2_Humble_LS2K0300/Example/ROS2_Humble_ws/install/e02_laser_tcp_recv/share/e02_laser_tcp_recv/local_setup.zsh
[0.242s] -- Up-to-date: /home/niuwa/ROS2_Humble_LS2K0300/Example/ROS2_Humble_ws/install/e02_laser_tcp_recv/share/e02_laser_tcp_recv/local_setup.dsv
[0.242s] -- Installing: /home/niuwa/ROS2_Humble_LS2K0300/Example/ROS2_Humble_ws/install/e02_laser_tcp_recv/share/e02_laser_tcp_recv/package.dsv
[0.243s] -- Up-to-date: /home/niuwa/ROS2_Humble_LS2K0300/Example/ROS2_Humble_ws/install/e02_laser_tcp_recv/share/ament_index/resource_index/packages/e02_laser_tcp_recv
[0.243s] -- Up-to-date: /home/niuwa/ROS2_Humble_LS2K0300/Example/ROS2_Humble_ws/install/e02_laser_tcp_recv/share/e02_laser_tcp_recv/cmake/e02_laser_tcp_recvConfig.cmake
[0.244s] -- Up-to-date: /home/niuwa/ROS2_Humble_LS2K0300/Example/ROS2_Humble_ws/install/e02_laser_tcp_recv/share/e02_laser_tcp_recv/cmake/e02_laser_tcp_recvConfig-version.cmake
[0.244s] -- Up-to-date: /home/niuwa/ROS2_Humble_LS2K0300/Example/ROS2_Humble_ws/install/e02_laser_tcp_recv/share/e02_laser_tcp_recv/package.xml
[0.400s] Invoked command in '/home/niuwa/ROS2_Humble_LS2K0300/Example/ROS2_Humble_ws/build/e02_laser_tcp_recv' returned '0': CMAKE_PREFIX_PATH=/opt/ros/humble /usr/bin/cmake --install /home/niuwa/ROS2_Humble_LS2K0300/Example/ROS2_Humble_ws/build/e02_laser_tcp_recv
