-- The C compiler identification is GNU 11.4.0
-- The CXX compiler identification is GNU 11.4.0
-- Detecting C compiler ABI info
-- Detecting C compiler ABI info - done
-- Check for working C compiler: /usr/bin/cc - skipped
-- Detecting C compile features
-- Detecting C compile features - done
-- Detecting CXX compiler ABI info
-- Detecting CXX compiler ABI info - done
-- Check for working CXX compiler: /usr/bin/c++ - skipped
-- Detecting CXX compile features
-- Detecting CXX compile features - done
-- Found ament_cmake: 1.3.14 (/opt/ros/humble/share/ament_cmake/cmake)
-- Found Python3: /usr/bin/python3 (found version "3.10.12") found components: Interpreter 
-- Found rclcpp: 16.0.19 (/opt/ros/humble/share/rclcpp/cmake)
-- Found rosidl_generator_c: 3.1.8 (/opt/ros/humble/share/rosidl_generator_c/cmake)
-- Found rosidl_adapter: 3.1.8 (/opt/ros/humble/share/rosidl_adapter/cmake)
-- Found rosidl_generator_cpp: 3.1.8 (/opt/ros/humble/share/rosidl_generator_cpp/cmake)
-- Using all available rosidl_typesupport_c: rosidl_typesupport_fastrtps_c;rosidl_typesupport_introspection_c
-- Using all available rosidl_typesupport_cpp: rosidl_typesupport_fastrtps_cpp;rosidl_typesupport_introspection_cpp
-- Found rmw_implementation_cmake: 6.1.2 (/opt/ros/humble/share/rmw_implementation_cmake/cmake)
-- Found rmw_fastrtps_cpp: 6.2.10 (/opt/ros/humble/share/rmw_fastrtps_cpp/cmake)
-- Found OpenSSL: /usr/lib/x86_64-linux-gnu/libcrypto.so (found version "3.0.2")  
-- Found FastRTPS: /opt/ros/humble/include  
-- Using RMW implementation 'rmw_fastrtps_cpp' as default
-- Looking for pthread.h
-- Looking for pthread.h - found
-- Performing Test CMAKE_HAVE_LIBC_PTHREAD
-- Performing Test CMAKE_HAVE_LIBC_PTHREAD - Success
-- Found Threads: TRUE  
-- Found sensor_msgs: 4.9.1 (/opt/ros/humble/share/sensor_msgs/cmake)
-- Found ament_lint_auto: 0.12.15 (/opt/ros/humble/share/ament_lint_auto/cmake)
-- Added test 'copyright' to check source files copyright and LICENSE
-- Added test 'cppcheck' to perform static code analysis on C / C++ code
-- Configured cppcheck include dirs: /home/niuwa/ROS2_Humble_LS2K0300/Example/ROS2_Humble_ws/src/e02_laser_tcp_recv/include;/home/niuwa/ROS2_Humble_LS2K0300/Example/ROS2_Humble_ws/src/e02_laser_tcp_recv/ldlidar_driver/include/core;/home/niuwa/ROS2_Humble_LS2K0300/Example/ROS2_Humble_ws/src/e02_laser_tcp_recv/ldlidar_driver/include/dataprocess;/home/niuwa/ROS2_Humble_LS2K0300/Example/ROS2_Humble_ws/src/e02_laser_tcp_recv/ldlidar_driver/include/filter;/home/niuwa/ROS2_Humble_LS2K0300/Example/ROS2_Humble_ws/src/e02_laser_tcp_recv/ldlidar_driver/include/logger;/home/niuwa/ROS2_Humble_LS2K0300/Example/ROS2_Humble_ws/src/e02_laser_tcp_recv/ldlidar_driver/include/networkcom;/home/niuwa/ROS2_Humble_LS2K0300/Example/ROS2_Humble_ws/src/e02_laser_tcp_recv/ldlidar_driver/include/serialcom
-- Configured cppcheck exclude dirs and/or files: 
-- Added test 'cpplint' to check C / C++ code against the Google style
-- Configured cpplint exclude dirs and/or files: 
-- Added test 'flake8' to check Python code syntax and style conventions
-- Added test 'lint_cmake' to check CMake code style
-- Added test 'pep257' to check Python code against some of the docstring style conventions in PEP 257
-- Added test 'uncrustify' to check C / C++ code style
-- Configured uncrustify additional arguments: 
-- Added test 'xmllint' to check XML markup files
-- Configuring done
-- Generating done
-- Build files have been written to: /home/niuwa/ROS2_Humble_LS2K0300/Example/ROS2_Humble_ws/build/e02_laser_tcp_recv
[ 12%] [32mBuilding CXX object CMakeFiles/e02_laser_tcp_recv_node.dir/src/demo.cpp.o[0m
[ 25%] [32mBuilding CXX object CMakeFiles/e02_laser_tcp_recv_node.dir/ldlidar_driver/src/logger/log_module.cpp.o[0m
[ 37%] [32mBuilding CXX object CMakeFiles/e02_laser_tcp_recv_node.dir/ldlidar_driver/src/filter/tofbf.cpp.o[0m
[ 50%] [32mBuilding CXX object CMakeFiles/e02_laser_tcp_recv_node.dir/ldlidar_driver/src/core/ldlidar_driver.cpp.o[0m
[ 62%] [32mBuilding CXX object CMakeFiles/e02_laser_tcp_recv_node.dir/ldlidar_driver/src/dataprocess/lipkg.cpp.o[0m
[ 75%] [32mBuilding CXX object CMakeFiles/e02_laser_tcp_recv_node.dir/ldlidar_driver/src/networkcom/network_socket_interface_linux.cpp.o[0m
[ 87%] [32mBuilding CXX object CMakeFiles/e02_laser_tcp_recv_node.dir/ldlidar_driver/src/serialcom/serial_interface_linux.cpp.o[0m
[100%] [32m[1mLinking CXX executable e02_laser_tcp_recv_node[0m
[100%] Built target e02_laser_tcp_recv_node
-- Install configuration: ""
-- Installing: /home/niuwa/ROS2_Humble_LS2K0300/Example/ROS2_Humble_ws/install/e02_laser_tcp_recv/lib/e02_laser_tcp_recv/e02_laser_tcp_recv_node
-- Set runtime path of "/home/niuwa/ROS2_Humble_LS2K0300/Example/ROS2_Humble_ws/install/e02_laser_tcp_recv/lib/e02_laser_tcp_recv/e02_laser_tcp_recv_node" to ""
-- Installing: /home/niuwa/ROS2_Humble_LS2K0300/Example/ROS2_Humble_ws/install/e02_laser_tcp_recv/share/e02_laser_tcp_recv//launch
-- Installing: /home/niuwa/ROS2_Humble_LS2K0300/Example/ROS2_Humble_ws/install/e02_laser_tcp_recv/share/e02_laser_tcp_recv//launch/ld19.launch.py
-- Installing: /home/niuwa/ROS2_Humble_LS2K0300/Example/ROS2_Humble_ws/install/e02_laser_tcp_recv/share/e02_laser_tcp_recv//launch/viewer_ld19.launch.py
-- Installing: /home/niuwa/ROS2_Humble_LS2K0300/Example/ROS2_Humble_ws/install/e02_laser_tcp_recv/share/e02_laser_tcp_recv//rviz
-- Installing: /home/niuwa/ROS2_Humble_LS2K0300/Example/ROS2_Humble_ws/install/e02_laser_tcp_recv/share/e02_laser_tcp_recv//rviz/ldlidar.rviz
-- Installing: /home/niuwa/ROS2_Humble_LS2K0300/Example/ROS2_Humble_ws/install/e02_laser_tcp_recv/share/ament_index/resource_index/package_run_dependencies/e02_laser_tcp_recv
-- Installing: /home/niuwa/ROS2_Humble_LS2K0300/Example/ROS2_Humble_ws/install/e02_laser_tcp_recv/share/ament_index/resource_index/parent_prefix_path/e02_laser_tcp_recv
-- Installing: /home/niuwa/ROS2_Humble_LS2K0300/Example/ROS2_Humble_ws/install/e02_laser_tcp_recv/share/e02_laser_tcp_recv/environment/ament_prefix_path.sh
-- Installing: /home/niuwa/ROS2_Humble_LS2K0300/Example/ROS2_Humble_ws/install/e02_laser_tcp_recv/share/e02_laser_tcp_recv/environment/ament_prefix_path.dsv
-- Installing: /home/niuwa/ROS2_Humble_LS2K0300/Example/ROS2_Humble_ws/install/e02_laser_tcp_recv/share/e02_laser_tcp_recv/environment/path.sh
-- Installing: /home/niuwa/ROS2_Humble_LS2K0300/Example/ROS2_Humble_ws/install/e02_laser_tcp_recv/share/e02_laser_tcp_recv/environment/path.dsv
-- Installing: /home/niuwa/ROS2_Humble_LS2K0300/Example/ROS2_Humble_ws/install/e02_laser_tcp_recv/share/e02_laser_tcp_recv/local_setup.bash
-- Installing: /home/niuwa/ROS2_Humble_LS2K0300/Example/ROS2_Humble_ws/install/e02_laser_tcp_recv/share/e02_laser_tcp_recv/local_setup.sh
-- Installing: /home/niuwa/ROS2_Humble_LS2K0300/Example/ROS2_Humble_ws/install/e02_laser_tcp_recv/share/e02_laser_tcp_recv/local_setup.zsh
-- Installing: /home/niuwa/ROS2_Humble_LS2K0300/Example/ROS2_Humble_ws/install/e02_laser_tcp_recv/share/e02_laser_tcp_recv/local_setup.dsv
-- Installing: /home/niuwa/ROS2_Humble_LS2K0300/Example/ROS2_Humble_ws/install/e02_laser_tcp_recv/share/e02_laser_tcp_recv/package.dsv
-- Installing: /home/niuwa/ROS2_Humble_LS2K0300/Example/ROS2_Humble_ws/install/e02_laser_tcp_recv/share/ament_index/resource_index/packages/e02_laser_tcp_recv
-- Installing: /home/niuwa/ROS2_Humble_LS2K0300/Example/ROS2_Humble_ws/install/e02_laser_tcp_recv/share/e02_laser_tcp_recv/cmake/e02_laser_tcp_recvConfig.cmake
-- Installing: /home/niuwa/ROS2_Humble_LS2K0300/Example/ROS2_Humble_ws/install/e02_laser_tcp_recv/share/e02_laser_tcp_recv/cmake/e02_laser_tcp_recvConfig-version.cmake
-- Installing: /home/niuwa/ROS2_Humble_LS2K0300/Example/ROS2_Humble_ws/install/e02_laser_tcp_recv/share/e02_laser_tcp_recv/package.xml
