[100%] Built target nav2_obstacle_ahead_plugin
-- Install configuration: ""
-- Up-to-date: /home/niuwa/ROS2_Humble_LS2K0300/Example/ROS2_Humble_ws/install/nav2_obstacle_ahead/share/nav2_obstacle_ahead/obstacle_ahead_plugin.xml
-- Up-to-date: /home/niuwa/ROS2_Humble_LS2K0300/Example/ROS2_Humble_ws/install/nav2_obstacle_ahead/lib/libnav2_obstacle_ahead_plugin.so
-- Up-to-date: /home/niuwa/ROS2_Humble_LS2K0300/Example/ROS2_Humble_ws/install/nav2_obstacle_ahead/include
-- Up-to-date: /home/niuwa/ROS2_Humble_LS2K0300/Example/ROS2_Humble_ws/install/nav2_obstacle_ahead/include/nav2_obstacle_ahead
-- Up-to-date: /home/niuwa/ROS2_Humble_LS2K0300/Example/ROS2_Humble_ws/install/nav2_obstacle_ahead/include/nav2_obstacle_ahead/obstacle_ahead_condition.hpp
-- Up-to-date: /home/niuwa/ROS2_Humble_LS2K0300/Example/ROS2_Humble_ws/install/nav2_obstacle_ahead/share/nav2_obstacle_ahead/behavior_trees
-- Up-to-date: /home/niuwa/ROS2_Humble_LS2K0300/Example/ROS2_Humble_ws/install/nav2_obstacle_ahead/share/nav2_obstacle_ahead/behavior_trees/navigate_with_obstacle_monitor.xml
-- Up-to-date: /home/niuwa/ROS2_Humble_LS2K0300/Example/ROS2_Humble_ws/install/nav2_obstacle_ahead/share/ament_index/resource_index/package_run_dependencies/nav2_obstacle_ahead
-- Up-to-date: /home/niuwa/ROS2_Humble_LS2K0300/Example/ROS2_Humble_ws/install/nav2_obstacle_ahead/share/ament_index/resource_index/parent_prefix_path/nav2_obstacle_ahead
-- Up-to-date: /home/niuwa/ROS2_Humble_LS2K0300/Example/ROS2_Humble_ws/install/nav2_obstacle_ahead/share/nav2_obstacle_ahead/environment/ament_prefix_path.sh
-- Up-to-date: /home/niuwa/ROS2_Humble_LS2K0300/Example/ROS2_Humble_ws/install/nav2_obstacle_ahead/share/nav2_obstacle_ahead/environment/ament_prefix_path.dsv
-- Up-to-date: /home/niuwa/ROS2_Humble_LS2K0300/Example/ROS2_Humble_ws/install/nav2_obstacle_ahead/share/nav2_obstacle_ahead/environment/path.sh
-- Up-to-date: /home/niuwa/ROS2_Humble_LS2K0300/Example/ROS2_Humble_ws/install/nav2_obstacle_ahead/share/nav2_obstacle_ahead/environment/path.dsv
-- Up-to-date: /home/niuwa/ROS2_Humble_LS2K0300/Example/ROS2_Humble_ws/install/nav2_obstacle_ahead/share/nav2_obstacle_ahead/local_setup.bash
-- Up-to-date: /home/niuwa/ROS2_Humble_LS2K0300/Example/ROS2_Humble_ws/install/nav2_obstacle_ahead/share/nav2_obstacle_ahead/local_setup.sh
-- Up-to-date: /home/niuwa/ROS2_Humble_LS2K0300/Example/ROS2_Humble_ws/install/nav2_obstacle_ahead/share/nav2_obstacle_ahead/local_setup.zsh
-- Up-to-date: /home/niuwa/ROS2_Humble_LS2K0300/Example/ROS2_Humble_ws/install/nav2_obstacle_ahead/share/nav2_obstacle_ahead/local_setup.dsv
-- Installing: /home/niuwa/ROS2_Humble_LS2K0300/Example/ROS2_Humble_ws/install/nav2_obstacle_ahead/share/nav2_obstacle_ahead/package.dsv
-- Up-to-date: /home/niuwa/ROS2_Humble_LS2K0300/Example/ROS2_Humble_ws/install/nav2_obstacle_ahead/share/ament_index/resource_index/packages/nav2_obstacle_ahead
-- Up-to-date: /home/niuwa/ROS2_Humble_LS2K0300/Example/ROS2_Humble_ws/install/nav2_obstacle_ahead/share/ament_index/resource_index/behaviortree_cpp_v3__pluginlib__plugin/nav2_obstacle_ahead
-- Up-to-date: /home/niuwa/ROS2_Humble_LS2K0300/Example/ROS2_Humble_ws/install/nav2_obstacle_ahead/share/nav2_obstacle_ahead/cmake/nav2_obstacle_aheadConfig.cmake
-- Up-to-date: /home/niuwa/ROS2_Humble_LS2K0300/Example/ROS2_Humble_ws/install/nav2_obstacle_ahead/share/nav2_obstacle_ahead/cmake/nav2_obstacle_aheadConfig-version.cmake
-- Up-to-date: /home/niuwa/ROS2_Humble_LS2K0300/Example/ROS2_Humble_ws/install/nav2_obstacle_ahead/share/nav2_obstacle_ahead/package.xml
