[0.068s] Invoking command in '/home/niuwa/ROS2_Humble_LS2K0300/Example/ROS2_Humble_ws/build/e02_odom_and_imu_tcp_recv': CMAKE_PREFIX_PATH=/opt/ros/humble /usr/bin/cmake --build /home/niuwa/ROS2_Humble_LS2K0300/Example/ROS2_Humble_ws/build/e02_odom_and_imu_tcp_recv -- -j6 -l6
[0.277s] [100%] Built target odom_and_imu_tcp_recv
[0.378s] Invoked command in '/home/niuwa/ROS2_Humble_LS2K0300/Example/ROS2_Humble_ws/build/e02_odom_and_imu_tcp_recv' returned '0': CMAKE_PREFIX_PATH=/opt/ros/humble /usr/bin/cmake --build /home/niuwa/ROS2_Humble_LS2K0300/Example/ROS2_Humble_ws/build/e02_odom_and_imu_tcp_recv -- -j6 -l6
[0.380s] Invoking command in '/home/niuwa/ROS2_Humble_LS2K0300/Example/ROS2_Humble_ws/build/e02_odom_and_imu_tcp_recv': CMAKE_PREFIX_PATH=/opt/ros/humble /usr/bin/cmake --install /home/niuwa/ROS2_Humble_LS2K0300/Example/ROS2_Humble_ws/build/e02_odom_and_imu_tcp_recv
[0.453s] -- Install configuration: ""
[0.454s] -- Up-to-date: /home/niuwa/ROS2_Humble_LS2K0300/Example/ROS2_Humble_ws/install/e02_odom_and_imu_tcp_recv/lib/e02_odom_and_imu_tcp_recv/odom_and_imu_tcp_recv
[0.455s] -- Up-to-date: /home/niuwa/ROS2_Humble_LS2K0300/Example/ROS2_Humble_ws/install/e02_odom_and_imu_tcp_recv/share/e02_odom_and_imu_tcp_recv//launch
[0.456s] -- Up-to-date: /home/niuwa/ROS2_Humble_LS2K0300/Example/ROS2_Humble_ws/install/e02_odom_and_imu_tcp_recv/share/e02_odom_and_imu_tcp_recv//launch/launch.py
[0.457s] -- Up-to-date: /home/niuwa/ROS2_Humble_LS2K0300/Example/ROS2_Humble_ws/install/e02_odom_and_imu_tcp_recv/share/e02_odom_and_imu_tcp_recv//launch/viewer_launch.py
[0.458s] -- Up-to-date: /home/niuwa/ROS2_Humble_LS2K0300/Example/ROS2_Humble_ws/install/e02_odom_and_imu_tcp_recv/share/e02_odom_and_imu_tcp_recv//rviz
[0.459s] -- Up-to-date: /home/niuwa/ROS2_Humble_LS2K0300/Example/ROS2_Humble_ws/install/e02_odom_and_imu_tcp_recv/share/e02_odom_and_imu_tcp_recv//rviz/odom_imu.rviz
[0.459s] -- Up-to-date: /home/niuwa/ROS2_Humble_LS2K0300/Example/ROS2_Humble_ws/install/e02_odom_and_imu_tcp_recv/share/ament_index/resource_index/package_run_dependencies/e02_odom_and_imu_tcp_recv
[0.459s] -- Up-to-date: /home/niuwa/ROS2_Humble_LS2K0300/Example/ROS2_Humble_ws/install/e02_odom_and_imu_tcp_recv/share/ament_index/resource_index/parent_prefix_path/e02_odom_and_imu_tcp_recv
[0.460s] -- Up-to-date: /home/niuwa/ROS2_Humble_LS2K0300/Example/ROS2_Humble_ws/install/e02_odom_and_imu_tcp_recv/share/e02_odom_and_imu_tcp_recv/environment/ament_prefix_path.sh
[0.460s] -- Up-to-date: /home/niuwa/ROS2_Humble_LS2K0300/Example/ROS2_Humble_ws/install/e02_odom_and_imu_tcp_recv/share/e02_odom_and_imu_tcp_recv/environment/ament_prefix_path.dsv
[0.460s] -- Up-to-date: /home/niuwa/ROS2_Humble_LS2K0300/Example/ROS2_Humble_ws/install/e02_odom_and_imu_tcp_recv/share/e02_odom_and_imu_tcp_recv/environment/path.sh
[0.461s] -- Up-to-date: /home/niuwa/ROS2_Humble_LS2K0300/Example/ROS2_Humble_ws/install/e02_odom_and_imu_tcp_recv/share/e02_odom_and_imu_tcp_recv/environment/path.dsv
[0.461s] -- Up-to-date: /home/niuwa/ROS2_Humble_LS2K0300/Example/ROS2_Humble_ws/install/e02_odom_and_imu_tcp_recv/share/e02_odom_and_imu_tcp_recv/local_setup.bash
[0.461s] -- Up-to-date: /home/niuwa/ROS2_Humble_LS2K0300/Example/ROS2_Humble_ws/install/e02_odom_and_imu_tcp_recv/share/e02_odom_and_imu_tcp_recv/local_setup.sh
[0.461s] -- Up-to-date: /home/niuwa/ROS2_Humble_LS2K0300/Example/ROS2_Humble_ws/install/e02_odom_and_imu_tcp_recv/share/e02_odom_and_imu_tcp_recv/local_setup.zsh
[0.461s] -- Up-to-date: /home/niuwa/ROS2_Humble_LS2K0300/Example/ROS2_Humble_ws/install/e02_odom_and_imu_tcp_recv/share/e02_odom_and_imu_tcp_recv/local_setup.dsv
[0.461s] -- Installing: /home/niuwa/ROS2_Humble_LS2K0300/Example/ROS2_Humble_ws/install/e02_odom_and_imu_tcp_recv/share/e02_odom_and_imu_tcp_recv/package.dsv
[0.462s] -- Up-to-date: /home/niuwa/ROS2_Humble_LS2K0300/Example/ROS2_Humble_ws/install/e02_odom_and_imu_tcp_recv/share/ament_index/resource_index/packages/e02_odom_and_imu_tcp_recv
[0.462s] -- Up-to-date: /home/niuwa/ROS2_Humble_LS2K0300/Example/ROS2_Humble_ws/install/e02_odom_and_imu_tcp_recv/share/e02_odom_and_imu_tcp_recv/cmake/e02_odom_and_imu_tcp_recvConfig.cmake
[0.462s] -- Up-to-date: /home/niuwa/ROS2_Humble_LS2K0300/Example/ROS2_Humble_ws/install/e02_odom_and_imu_tcp_recv/share/e02_odom_and_imu_tcp_recv/cmake/e02_odom_and_imu_tcp_recvConfig-version.cmake
[0.462s] -- Up-to-date: /home/niuwa/ROS2_Humble_LS2K0300/Example/ROS2_Humble_ws/install/e02_odom_and_imu_tcp_recv/share/e02_odom_and_imu_tcp_recv/package.xml
[0.574s] Invoked command in '/home/niuwa/ROS2_Humble_LS2K0300/Example/ROS2_Humble_ws/build/e02_odom_and_imu_tcp_recv' returned '0': CMAKE_PREFIX_PATH=/opt/ros/humble /usr/bin/cmake --install /home/niuwa/ROS2_Humble_LS2K0300/Example/ROS2_Humble_ws/build/e02_odom_and_imu_tcp_recv
