[0.056s] Invoking command in '/home/niuwa/ROS2_Humble_LS2K0300/Example/ROS2_Humble_ws/build/e02_laser_tcp_recv': CMAKE_PREFIX_PATH=/opt/ros/humble /usr/bin/cmake --build /home/niuwa/ROS2_Humble_LS2K0300/Example/ROS2_Humble_ws/build/e02_laser_tcp_recv -- -j6 -l6
[0.238s] [100%] Built target e02_laser_tcp_recv_node
[0.293s] Invoked command in '/home/niuwa/ROS2_Humble_LS2K0300/Example/ROS2_Humble_ws/build/e02_laser_tcp_recv' returned '0': CMAKE_PREFIX_PATH=/opt/ros/humble /usr/bin/cmake --build /home/niuwa/ROS2_Humble_LS2K0300/Example/ROS2_Humble_ws/build/e02_laser_tcp_recv -- -j6 -l6
[0.297s] Invoking command in '/home/niuwa/ROS2_Humble_LS2K0300/Example/ROS2_Humble_ws/build/e02_laser_tcp_recv': CMAKE_PREFIX_PATH=/opt/ros/humble /usr/bin/cmake --install /home/niuwa/ROS2_Humble_LS2K0300/Example/ROS2_Humble_ws/build/e02_laser_tcp_recv
[0.340s] -- Install configuration: ""
[0.341s] -- Up-to-date: /home/niuwa/ROS2_Humble_LS2K0300/Example/ROS2_Humble_ws/install/e02_laser_tcp_recv/lib/e02_laser_tcp_recv/e02_laser_tcp_recv_node
[0.341s] -- Up-to-date: /home/niuwa/ROS2_Humble_LS2K0300/Example/ROS2_Humble_ws/install/e02_laser_tcp_recv/share/e02_laser_tcp_recv//launch
[0.341s] -- Up-to-date: /home/niuwa/ROS2_Humble_LS2K0300/Example/ROS2_Humble_ws/install/e02_laser_tcp_recv/share/e02_laser_tcp_recv//launch/ld19.launch.py
[0.341s] -- Up-to-date: /home/niuwa/ROS2_Humble_LS2K0300/Example/ROS2_Humble_ws/install/e02_laser_tcp_recv/share/e02_laser_tcp_recv//launch/viewer_ld19.launch.py
[0.341s] -- Up-to-date: /home/niuwa/ROS2_Humble_LS2K0300/Example/ROS2_Humble_ws/install/e02_laser_tcp_recv/share/e02_laser_tcp_recv//rviz
[0.346s] -- Up-to-date: /home/niuwa/ROS2_Humble_LS2K0300/Example/ROS2_Humble_ws/install/e02_laser_tcp_recv/share/e02_laser_tcp_recv//rviz/ldlidar.rviz
[0.348s] -- Up-to-date: /home/niuwa/ROS2_Humble_LS2K0300/Example/ROS2_Humble_ws/install/e02_laser_tcp_recv/share/ament_index/resource_index/package_run_dependencies/e02_laser_tcp_recv
[0.350s] -- Up-to-date: /home/niuwa/ROS2_Humble_LS2K0300/Example/ROS2_Humble_ws/install/e02_laser_tcp_recv/share/ament_index/resource_index/parent_prefix_path/e02_laser_tcp_recv
[0.351s] -- Up-to-date: /home/niuwa/ROS2_Humble_LS2K0300/Example/ROS2_Humble_ws/install/e02_laser_tcp_recv/share/e02_laser_tcp_recv/environment/ament_prefix_path.sh
[0.352s] -- Up-to-date: /home/niuwa/ROS2_Humble_LS2K0300/Example/ROS2_Humble_ws/install/e02_laser_tcp_recv/share/e02_laser_tcp_recv/environment/ament_prefix_path.dsv
[0.355s] -- Up-to-date: /home/niuwa/ROS2_Humble_LS2K0300/Example/ROS2_Humble_ws/install/e02_laser_tcp_recv/share/e02_laser_tcp_recv/environment/path.sh
[0.357s] -- Up-to-date: /home/niuwa/ROS2_Humble_LS2K0300/Example/ROS2_Humble_ws/install/e02_laser_tcp_recv/share/e02_laser_tcp_recv/environment/path.dsv
[0.362s] -- Up-to-date: /home/niuwa/ROS2_Humble_LS2K0300/Example/ROS2_Humble_ws/install/e02_laser_tcp_recv/share/e02_laser_tcp_recv/local_setup.bash
[0.362s] -- Up-to-date: /home/niuwa/ROS2_Humble_LS2K0300/Example/ROS2_Humble_ws/install/e02_laser_tcp_recv/share/e02_laser_tcp_recv/local_setup.sh
[0.369s] -- Up-to-date: /home/niuwa/ROS2_Humble_LS2K0300/Example/ROS2_Humble_ws/install/e02_laser_tcp_recv/share/e02_laser_tcp_recv/local_setup.zsh
[0.374s] -- Up-to-date: /home/niuwa/ROS2_Humble_LS2K0300/Example/ROS2_Humble_ws/install/e02_laser_tcp_recv/share/e02_laser_tcp_recv/local_setup.dsv
[0.374s] -- Installing: /home/niuwa/ROS2_Humble_LS2K0300/Example/ROS2_Humble_ws/install/e02_laser_tcp_recv/share/e02_laser_tcp_recv/package.dsv
[0.375s] -- Up-to-date: /home/niuwa/ROS2_Humble_LS2K0300/Example/ROS2_Humble_ws/install/e02_laser_tcp_recv/share/ament_index/resource_index/packages/e02_laser_tcp_recv
[0.376s] -- Up-to-date: /home/niuwa/ROS2_Humble_LS2K0300/Example/ROS2_Humble_ws/install/e02_laser_tcp_recv/share/e02_laser_tcp_recv/cmake/e02_laser_tcp_recvConfig.cmake
[0.376s] -- Up-to-date: /home/niuwa/ROS2_Humble_LS2K0300/Example/ROS2_Humble_ws/install/e02_laser_tcp_recv/share/e02_laser_tcp_recv/cmake/e02_laser_tcp_recvConfig-version.cmake
[0.376s] -- Up-to-date: /home/niuwa/ROS2_Humble_LS2K0300/Example/ROS2_Humble_ws/install/e02_laser_tcp_recv/share/e02_laser_tcp_recv/package.xml
[0.433s] Invoked command in '/home/niuwa/ROS2_Humble_LS2K0300/Example/ROS2_Humble_ws/build/e02_laser_tcp_recv' returned '0': CMAKE_PREFIX_PATH=/opt/ros/humble /usr/bin/cmake --install /home/niuwa/ROS2_Humble_LS2K0300/Example/ROS2_Humble_ws/build/e02_laser_tcp_recv
