[0.029s] Invoking command in '/home/niuwa/ROS2_Humble_LS2K0300/Example/ROS2_Humble_ws/build/e02_odom_and_imu_tcp_recv': CMAKE_PREFIX_PATH=/opt/ros/humble /usr/bin/cmake /home/niuwa/ROS2_Humble_LS2K0300/Example/ROS2_Humble_ws/src/e02_odom_and_imu_tcp_recv -DCMAKE_INSTALL_PREFIX=/home/niuwa/ROS2_Humble_LS2K0300/Example/ROS2_Humble_ws/install/e02_odom_and_imu_tcp_recv
[0.117s] -- The C compiler identification is GNU 11.4.0
[0.178s] -- The CXX compiler identification is GNU 11.4.0
[0.198s] -- Detecting C compiler ABI info
[0.301s] -- Detecting C compiler ABI info - done
[0.309s] -- Check for working C compiler: /usr/bin/cc - skipped
[0.309s] -- Detecting C compile features
[0.309s] -- Detecting C compile features - done
[0.310s] -- Detecting CXX compiler ABI info
[0.443s] -- Detecting CXX compiler ABI info - done
[0.472s] -- Check for working CXX compiler: /usr/bin/c++ - skipped
[0.472s] -- Detecting CXX compile features
[0.473s] -- Detecting CXX compile features - done
[0.484s] -- Found ament_cmake: 1.3.14 (/opt/ros/humble/share/ament_cmake/cmake)
[0.714s] -- Found Python3: /usr/bin/python3 (found version "3.10.12") found components: Interpreter 
[0.809s] -- Found rclcpp: 16.0.19 (/opt/ros/humble/share/rclcpp/cmake)
[0.848s] -- Found rosidl_generator_c: 3.1.8 (/opt/ros/humble/share/rosidl_generator_c/cmake)
[0.852s] -- Found rosidl_adapter: 3.1.8 (/opt/ros/humble/share/rosidl_adapter/cmake)
[0.860s] -- Found rosidl_generator_cpp: 3.1.8 (/opt/ros/humble/share/rosidl_generator_cpp/cmake)
[0.870s] -- Using all available rosidl_typesupport_c: rosidl_typesupport_fastrtps_c;rosidl_typesupport_introspection_c
[0.883s] -- Using all available rosidl_typesupport_cpp: rosidl_typesupport_fastrtps_cpp;rosidl_typesupport_introspection_cpp
[0.929s] -- Found rmw_implementation_cmake: 6.1.2 (/opt/ros/humble/share/rmw_implementation_cmake/cmake)
[0.931s] -- Found rmw_fastrtps_cpp: 6.2.10 (/opt/ros/humble/share/rmw_fastrtps_cpp/cmake)
[1.052s] -- Found OpenSSL: /usr/lib/x86_64-linux-gnu/libcrypto.so (found version "3.0.2")  
[1.084s] -- Found FastRTPS: /opt/ros/humble/include  
[1.129s] -- Using RMW implementation 'rmw_fastrtps_cpp' as default
[1.136s] -- Looking for pthread.h
[1.242s] -- Looking for pthread.h - found
[1.242s] -- Performing Test CMAKE_HAVE_LIBC_PTHREAD
[1.332s] -- Performing Test CMAKE_HAVE_LIBC_PTHREAD - Success
[1.333s] -- Found Threads: TRUE  
[1.411s] -- Found nav_msgs: 4.9.1 (/opt/ros/humble/share/nav_msgs/cmake)
[1.458s] -- Found sensor_msgs: 4.9.1 (/opt/ros/humble/share/sensor_msgs/cmake)
[1.478s] -- Found tf2: 0.25.20 (/opt/ros/humble/share/tf2/cmake)
[1.492s] -- Found tf2_ros: 0.25.20 (/opt/ros/humble/share/tf2_ros/cmake)
[1.697s] -- Found ament_lint_auto: 0.12.15 (/opt/ros/humble/share/ament_lint_auto/cmake)
[1.842s] -- Added test 'cppcheck' to perform static code analysis on C / C++ code
[1.842s] -- Configured cppcheck include dirs: /home/niuwa/ROS2_Humble_LS2K0300/Example/ROS2_Humble_ws/src/e02_odom_and_imu_tcp_recv/include
[1.842s] -- Configured cppcheck exclude dirs and/or files: 
[1.843s] -- Added test 'flake8' to check Python code syntax and style conventions
[1.843s] -- Added test 'lint_cmake' to check CMake code style
[1.843s] -- Added test 'pep257' to check Python code against some of the docstring style conventions in PEP 257
[1.843s] -- Added test 'uncrustify' to check C / C++ code style
[1.843s] -- Configured uncrustify additional arguments: 
[1.843s] -- Added test 'xmllint' to check XML markup files
[1.846s] -- Configuring done
[1.874s] -- Generating done
[1.882s] -- Build files have been written to: /home/niuwa/ROS2_Humble_LS2K0300/Example/ROS2_Humble_ws/build/e02_odom_and_imu_tcp_recv
[1.908s] Invoked command in '/home/niuwa/ROS2_Humble_LS2K0300/Example/ROS2_Humble_ws/build/e02_odom_and_imu_tcp_recv' returned '0': CMAKE_PREFIX_PATH=/opt/ros/humble /usr/bin/cmake /home/niuwa/ROS2_Humble_LS2K0300/Example/ROS2_Humble_ws/src/e02_odom_and_imu_tcp_recv -DCMAKE_INSTALL_PREFIX=/home/niuwa/ROS2_Humble_LS2K0300/Example/ROS2_Humble_ws/install/e02_odom_and_imu_tcp_recv
[1.909s] Invoking command in '/home/niuwa/ROS2_Humble_LS2K0300/Example/ROS2_Humble_ws/build/e02_odom_and_imu_tcp_recv': CMAKE_PREFIX_PATH=/opt/ros/humble /usr/bin/cmake --build /home/niuwa/ROS2_Humble_LS2K0300/Example/ROS2_Humble_ws/build/e02_odom_and_imu_tcp_recv -- -j6 -l6
[4.068s] [ 33%] [32mBuilding CXX object CMakeFiles/odom_and_imu_tcp_recv.dir/src/main.cpp.o[0m
[4.068s] [ 66%] [32mBuilding CXX object CMakeFiles/odom_and_imu_tcp_recv.dir/src/car_point.cpp.o[0m
[8.677s] [100%] [32m[1mLinking CXX executable odom_and_imu_tcp_recv[0m
[9.259s] [100%] Built target odom_and_imu_tcp_recv
[9.284s] Invoked command in '/home/niuwa/ROS2_Humble_LS2K0300/Example/ROS2_Humble_ws/build/e02_odom_and_imu_tcp_recv' returned '0': CMAKE_PREFIX_PATH=/opt/ros/humble /usr/bin/cmake --build /home/niuwa/ROS2_Humble_LS2K0300/Example/ROS2_Humble_ws/build/e02_odom_and_imu_tcp_recv -- -j6 -l6
[9.288s] Invoking command in '/home/niuwa/ROS2_Humble_LS2K0300/Example/ROS2_Humble_ws/build/e02_odom_and_imu_tcp_recv': CMAKE_PREFIX_PATH=/opt/ros/humble /usr/bin/cmake --install /home/niuwa/ROS2_Humble_LS2K0300/Example/ROS2_Humble_ws/build/e02_odom_and_imu_tcp_recv
[9.963s] -- Install configuration: ""
[9.963s] -- Installing: /home/niuwa/ROS2_Humble_LS2K0300/Example/ROS2_Humble_ws/install/e02_odom_and_imu_tcp_recv/lib/e02_odom_and_imu_tcp_recv/odom_and_imu_tcp_recv
[9.963s] -- Set runtime path of "/home/niuwa/ROS2_Humble_LS2K0300/Example/ROS2_Humble_ws/install/e02_odom_and_imu_tcp_recv/lib/e02_odom_and_imu_tcp_recv/odom_and_imu_tcp_recv" to ""
[9.963s] -- Installing: /home/niuwa/ROS2_Humble_LS2K0300/Example/ROS2_Humble_ws/install/e02_odom_and_imu_tcp_recv/share/e02_odom_and_imu_tcp_recv//launch
[9.963s] -- Installing: /home/niuwa/ROS2_Humble_LS2K0300/Example/ROS2_Humble_ws/install/e02_odom_and_imu_tcp_recv/share/e02_odom_and_imu_tcp_recv//launch/launch.py
[9.963s] -- Installing: /home/niuwa/ROS2_Humble_LS2K0300/Example/ROS2_Humble_ws/install/e02_odom_and_imu_tcp_recv/share/e02_odom_and_imu_tcp_recv//launch/viewer_launch.py
[9.964s] -- Installing: /home/niuwa/ROS2_Humble_LS2K0300/Example/ROS2_Humble_ws/install/e02_odom_and_imu_tcp_recv/share/e02_odom_and_imu_tcp_recv//rviz
[9.964s] -- Installing: /home/niuwa/ROS2_Humble_LS2K0300/Example/ROS2_Humble_ws/install/e02_odom_and_imu_tcp_recv/share/e02_odom_and_imu_tcp_recv//rviz/odom_imu.rviz
[9.964s] -- Installing: /home/niuwa/ROS2_Humble_LS2K0300/Example/ROS2_Humble_ws/install/e02_odom_and_imu_tcp_recv/share/ament_index/resource_index/package_run_dependencies/e02_odom_and_imu_tcp_recv
[9.964s] -- Installing: /home/niuwa/ROS2_Humble_LS2K0300/Example/ROS2_Humble_ws/install/e02_odom_and_imu_tcp_recv/share/ament_index/resource_index/parent_prefix_path/e02_odom_and_imu_tcp_recv
[9.964s] -- Installing: /home/niuwa/ROS2_Humble_LS2K0300/Example/ROS2_Humble_ws/install/e02_odom_and_imu_tcp_recv/share/e02_odom_and_imu_tcp_recv/environment/ament_prefix_path.sh
[9.964s] -- Installing: /home/niuwa/ROS2_Humble_LS2K0300/Example/ROS2_Humble_ws/install/e02_odom_and_imu_tcp_recv/share/e02_odom_and_imu_tcp_recv/environment/ament_prefix_path.dsv
[9.964s] -- Installing: /home/niuwa/ROS2_Humble_LS2K0300/Example/ROS2_Humble_ws/install/e02_odom_and_imu_tcp_recv/share/e02_odom_and_imu_tcp_recv/environment/path.sh
[9.964s] -- Installing: /home/niuwa/ROS2_Humble_LS2K0300/Example/ROS2_Humble_ws/install/e02_odom_and_imu_tcp_recv/share/e02_odom_and_imu_tcp_recv/environment/path.dsv
[9.964s] -- Installing: /home/niuwa/ROS2_Humble_LS2K0300/Example/ROS2_Humble_ws/install/e02_odom_and_imu_tcp_recv/share/e02_odom_and_imu_tcp_recv/local_setup.bash
[9.964s] -- Installing: /home/niuwa/ROS2_Humble_LS2K0300/Example/ROS2_Humble_ws/install/e02_odom_and_imu_tcp_recv/share/e02_odom_and_imu_tcp_recv/local_setup.sh
[9.964s] -- Installing: /home/niuwa/ROS2_Humble_LS2K0300/Example/ROS2_Humble_ws/install/e02_odom_and_imu_tcp_recv/share/e02_odom_and_imu_tcp_recv/local_setup.zsh
[9.964s] -- Installing: /home/niuwa/ROS2_Humble_LS2K0300/Example/ROS2_Humble_ws/install/e02_odom_and_imu_tcp_recv/share/e02_odom_and_imu_tcp_recv/local_setup.dsv
[9.964s] -- Installing: /home/niuwa/ROS2_Humble_LS2K0300/Example/ROS2_Humble_ws/install/e02_odom_and_imu_tcp_recv/share/e02_odom_and_imu_tcp_recv/package.dsv
[9.964s] -- Installing: /home/niuwa/ROS2_Humble_LS2K0300/Example/ROS2_Humble_ws/install/e02_odom_and_imu_tcp_recv/share/ament_index/resource_index/packages/e02_odom_and_imu_tcp_recv
[9.964s] -- Installing: /home/niuwa/ROS2_Humble_LS2K0300/Example/ROS2_Humble_ws/install/e02_odom_and_imu_tcp_recv/share/e02_odom_and_imu_tcp_recv/cmake/e02_odom_and_imu_tcp_recvConfig.cmake
[9.964s] -- Installing: /home/niuwa/ROS2_Humble_LS2K0300/Example/ROS2_Humble_ws/install/e02_odom_and_imu_tcp_recv/share/e02_odom_and_imu_tcp_recv/cmake/e02_odom_and_imu_tcp_recvConfig-version.cmake
[9.964s] -- Installing: /home/niuwa/ROS2_Humble_LS2K0300/Example/ROS2_Humble_ws/install/e02_odom_and_imu_tcp_recv/share/e02_odom_and_imu_tcp_recv/package.xml
[9.964s] Invoked command in '/home/niuwa/ROS2_Humble_LS2K0300/Example/ROS2_Humble_ws/build/e02_odom_and_imu_tcp_recv' returned '0': CMAKE_PREFIX_PATH=/opt/ros/humble /usr/bin/cmake --install /home/niuwa/ROS2_Humble_LS2K0300/Example/ROS2_Humble_ws/build/e02_odom_and_imu_tcp_recv
