[0.139s] Invoking command in '/home/niuwa/ROS2_Humble_LS2K0300/Example/ROS2_Humble_ws/build/e07_nav2_bringup': CMAKE_PREFIX_PATH=/opt/ros/humble /usr/bin/cmake --build /home/niuwa/ROS2_Humble_LS2K0300/Example/ROS2_Humble_ws/build/e07_nav2_bringup -- -j6 -l6
[0.629s] Invoked command in '/home/niuwa/ROS2_Humble_LS2K0300/Example/ROS2_Humble_ws/build/e07_nav2_bringup' returned '0': CMAKE_PREFIX_PATH=/opt/ros/humble /usr/bin/cmake --build /home/niuwa/ROS2_Humble_LS2K0300/Example/ROS2_Humble_ws/build/e07_nav2_bringup -- -j6 -l6
[0.630s] Invoking command in '/home/niuwa/ROS2_Humble_LS2K0300/Example/ROS2_Humble_ws/build/e07_nav2_bringup': CMAKE_PREFIX_PATH=/opt/ros/humble /usr/bin/cmake --install /home/niuwa/ROS2_Humble_LS2K0300/Example/ROS2_Humble_ws/build/e07_nav2_bringup
[0.658s] -- Install configuration: ""
[0.658s] -- Up-to-date: /home/niuwa/ROS2_Humble_LS2K0300/Example/ROS2_Humble_ws/install/e07_nav2_bringup/share/e07_nav2_bringup/launch
[0.658s] -- Up-to-date: /home/niuwa/ROS2_Humble_LS2K0300/Example/ROS2_Humble_ws/install/e07_nav2_bringup/share/e07_nav2_bringup/launch/nav2_slam_mapping_launch.py
[0.658s] -- Up-to-date: /home/niuwa/ROS2_Humble_LS2K0300/Example/ROS2_Humble_ws/install/e07_nav2_bringup/share/e07_nav2_bringup/launch/local_launch.py
[0.658s] -- Up-to-date: /home/niuwa/ROS2_Humble_LS2K0300/Example/ROS2_Humble_ws/install/e07_nav2_bringup/share/e07_nav2_bringup/launch/nav2_dwb_launch.py
[0.659s] -- Up-to-date: /home/niuwa/ROS2_Humble_LS2K0300/Example/ROS2_Humble_ws/install/e07_nav2_bringup/share/e07_nav2_bringup/launch/nav2_cartographer_mapping_launch.py
[0.660s] -- Up-to-date: /home/niuwa/ROS2_Humble_LS2K0300/Example/ROS2_Humble_ws/install/e07_nav2_bringup/share/e07_nav2_bringup/launch/rviz_launch.py
[0.660s] -- Up-to-date: /home/niuwa/ROS2_Humble_LS2K0300/Example/ROS2_Humble_ws/install/e07_nav2_bringup/share/e07_nav2_bringup/launch/nav2_localization_launch.py
[0.660s] -- Up-to-date: /home/niuwa/ROS2_Humble_LS2K0300/Example/ROS2_Humble_ws/install/e07_nav2_bringup/share/e07_nav2_bringup/params
[0.660s] -- Up-to-date: /home/niuwa/ROS2_Humble_LS2K0300/Example/ROS2_Humble_ws/install/e07_nav2_bringup/share/e07_nav2_bringup/params/map_server.yaml
[0.660s] -- Up-to-date: /home/niuwa/ROS2_Humble_LS2K0300/Example/ROS2_Humble_ws/install/e07_nav2_bringup/share/e07_nav2_bringup/params/nav2_dwb_params.yaml
[0.660s] -- Up-to-date: /home/niuwa/ROS2_Humble_LS2K0300/Example/ROS2_Humble_ws/install/e07_nav2_bringup/share/e07_nav2_bringup/params/amcl_params.yaml
[0.660s] -- Up-to-date: /home/niuwa/ROS2_Humble_LS2K0300/Example/ROS2_Humble_ws/install/e07_nav2_bringup/share/e07_nav2_bringup/params/nav2_homing_params.yaml
[0.660s] -- Up-to-date: /home/niuwa/ROS2_Humble_LS2K0300/Example/ROS2_Humble_ws/install/e07_nav2_bringup/share/e07_nav2_bringup/params/nav2_teb_params.yaml
[0.660s] -- Up-to-date: /home/niuwa/ROS2_Humble_LS2K0300/Example/ROS2_Humble_ws/install/e07_nav2_bringup/share/e07_nav2_bringup/params/navigate_w_replanning_and_recovery.xml
[0.660s] -- Up-to-date: /home/niuwa/ROS2_Humble_LS2K0300/Example/ROS2_Humble_ws/install/e07_nav2_bringup/share/e07_nav2_bringup/maps
[0.660s] -- Up-to-date: /home/niuwa/ROS2_Humble_LS2K0300/Example/ROS2_Humble_ws/install/e07_nav2_bringup/share/e07_nav2_bringup/maps/my_map.yaml
[0.660s] -- Up-to-date: /home/niuwa/ROS2_Humble_LS2K0300/Example/ROS2_Humble_ws/install/e07_nav2_bringup/share/e07_nav2_bringup/maps/map.yaml
[0.660s] -- Up-to-date: /home/niuwa/ROS2_Humble_LS2K0300/Example/ROS2_Humble_ws/install/e07_nav2_bringup/share/e07_nav2_bringup/maps/zxy.pgm
[0.661s] -- Up-to-date: /home/niuwa/ROS2_Humble_LS2K0300/Example/ROS2_Humble_ws/install/e07_nav2_bringup/share/e07_nav2_bringup/maps/map1.yaml
[0.661s] -- Up-to-date: /home/niuwa/ROS2_Humble_LS2K0300/Example/ROS2_Humble_ws/install/e07_nav2_bringup/share/e07_nav2_bringup/maps/test_map.yaml
[0.661s] -- Up-to-date: /home/niuwa/ROS2_Humble_LS2K0300/Example/ROS2_Humble_ws/install/e07_nav2_bringup/share/e07_nav2_bringup/maps/my_map.pgm
[0.662s] -- Up-to-date: /home/niuwa/ROS2_Humble_LS2K0300/Example/ROS2_Humble_ws/install/e07_nav2_bringup/share/e07_nav2_bringup/maps/zxy.yaml
[0.662s] -- Up-to-date: /home/niuwa/ROS2_Humble_LS2K0300/Example/ROS2_Humble_ws/install/e07_nav2_bringup/share/e07_nav2_bringup/maps/map.pgm
[0.663s] -- Up-to-date: /home/niuwa/ROS2_Humble_LS2K0300/Example/ROS2_Humble_ws/install/e07_nav2_bringup/share/e07_nav2_bringup/maps/ros_map.pgm
[0.663s] -- Up-to-date: /home/niuwa/ROS2_Humble_LS2K0300/Example/ROS2_Humble_ws/install/e07_nav2_bringup/share/e07_nav2_bringup/maps/map1.pgm
[0.663s] -- Up-to-date: /home/niuwa/ROS2_Humble_LS2K0300/Example/ROS2_Humble_ws/install/e07_nav2_bringup/share/e07_nav2_bringup/maps/test_map.pgm
[0.663s] -- Up-to-date: /home/niuwa/ROS2_Humble_LS2K0300/Example/ROS2_Humble_ws/install/e07_nav2_bringup/share/e07_nav2_bringup/maps/ros_map.yaml
[0.663s] -- Up-to-date: /home/niuwa/ROS2_Humble_LS2K0300/Example/ROS2_Humble_ws/install/e07_nav2_bringup/share/e07_nav2_bringup/rviz
[0.663s] -- Up-to-date: /home/niuwa/ROS2_Humble_LS2K0300/Example/ROS2_Humble_ws/install/e07_nav2_bringup/share/e07_nav2_bringup/rviz/nav2_default_view.rviz
[0.663s] -- Up-to-date: /home/niuwa/ROS2_Humble_LS2K0300/Example/ROS2_Humble_ws/install/e07_nav2_bringup/share/e07_nav2_bringup/bts
[0.663s] -- Up-to-date: /home/niuwa/ROS2_Humble_LS2K0300/Example/ROS2_Humble_ws/install/e07_nav2_bringup/share/e07_nav2_bringup/bts/bt_planner_controller_behavior.xml
[0.663s] -- Up-to-date: /home/niuwa/ROS2_Humble_LS2K0300/Example/ROS2_Humble_ws/install/e07_nav2_bringup/share/e07_nav2_bringup/bts/check.xml
[0.663s] -- Up-to-date: /home/niuwa/ROS2_Humble_LS2K0300/Example/ROS2_Humble_ws/install/e07_nav2_bringup/share/e07_nav2_bringup/bts/navigate_homing_replanning_and_recovery.xml
[0.663s] -- Up-to-date: /home/niuwa/ROS2_Humble_LS2K0300/Example/ROS2_Humble_ws/install/e07_nav2_bringup/share/e07_nav2_bringup/bts/bt_planner_controller_behavior_poses.xml
[0.664s] -- Up-to-date: /home/niuwa/ROS2_Humble_LS2K0300/Example/ROS2_Humble_ws/install/e07_nav2_bringup/share/ament_index/resource_index/package_run_dependencies/e07_nav2_bringup
[0.664s] -- Up-to-date: /home/niuwa/ROS2_Humble_LS2K0300/Example/ROS2_Humble_ws/install/e07_nav2_bringup/share/ament_index/resource_index/parent_prefix_path/e07_nav2_bringup
[0.664s] -- Up-to-date: /home/niuwa/ROS2_Humble_LS2K0300/Example/ROS2_Humble_ws/install/e07_nav2_bringup/share/e07_nav2_bringup/environment/ament_prefix_path.sh
[0.664s] -- Up-to-date: /home/niuwa/ROS2_Humble_LS2K0300/Example/ROS2_Humble_ws/install/e07_nav2_bringup/share/e07_nav2_bringup/environment/ament_prefix_path.dsv
[0.666s] -- Up-to-date: /home/niuwa/ROS2_Humble_LS2K0300/Example/ROS2_Humble_ws/install/e07_nav2_bringup/share/e07_nav2_bringup/environment/path.sh
[0.666s] -- Up-to-date: /home/niuwa/ROS2_Humble_LS2K0300/Example/ROS2_Humble_ws/install/e07_nav2_bringup/share/e07_nav2_bringup/environment/path.dsv
[0.666s] -- Up-to-date: /home/niuwa/ROS2_Humble_LS2K0300/Example/ROS2_Humble_ws/install/e07_nav2_bringup/share/e07_nav2_bringup/local_setup.bash
[0.666s] -- Up-to-date: /home/niuwa/ROS2_Humble_LS2K0300/Example/ROS2_Humble_ws/install/e07_nav2_bringup/share/e07_nav2_bringup/local_setup.sh
[0.666s] -- Up-to-date: /home/niuwa/ROS2_Humble_LS2K0300/Example/ROS2_Humble_ws/install/e07_nav2_bringup/share/e07_nav2_bringup/local_setup.zsh
[0.667s] -- Up-to-date: /home/niuwa/ROS2_Humble_LS2K0300/Example/ROS2_Humble_ws/install/e07_nav2_bringup/share/e07_nav2_bringup/local_setup.dsv
[0.667s] -- Installing: /home/niuwa/ROS2_Humble_LS2K0300/Example/ROS2_Humble_ws/install/e07_nav2_bringup/share/e07_nav2_bringup/package.dsv
[0.667s] -- Up-to-date: /home/niuwa/ROS2_Humble_LS2K0300/Example/ROS2_Humble_ws/install/e07_nav2_bringup/share/ament_index/resource_index/packages/e07_nav2_bringup
[0.667s] -- Up-to-date: /home/niuwa/ROS2_Humble_LS2K0300/Example/ROS2_Humble_ws/install/e07_nav2_bringup/share/e07_nav2_bringup/cmake/e07_nav2_bringupConfig.cmake
[0.667s] -- Up-to-date: /home/niuwa/ROS2_Humble_LS2K0300/Example/ROS2_Humble_ws/install/e07_nav2_bringup/share/e07_nav2_bringup/cmake/e07_nav2_bringupConfig-version.cmake
[0.667s] -- Up-to-date: /home/niuwa/ROS2_Humble_LS2K0300/Example/ROS2_Humble_ws/install/e07_nav2_bringup/share/e07_nav2_bringup/package.xml
[0.741s] Invoked command in '/home/niuwa/ROS2_Humble_LS2K0300/Example/ROS2_Humble_ws/build/e07_nav2_bringup' returned '0': CMAKE_PREFIX_PATH=/opt/ros/humble /usr/bin/cmake --install /home/niuwa/ROS2_Humble_LS2K0300/Example/ROS2_Humble_ws/build/e07_nav2_bringup
