[0.074s] Invoking command in '/home/niuwa/ROS2_Humble_LS2K0300/Example/ROS2_Humble_ws/build/e03_cmd_vel_tcp_send': CMAKE_PREFIX_PATH=/opt/ros/humble /usr/bin/cmake --build /home/niuwa/ROS2_Humble_LS2K0300/Example/ROS2_Humble_ws/build/e03_cmd_vel_tcp_send -- -j6 -l6
[0.341s] [100%] Built target cmd_vel_tcp_node
[0.440s] Invoked command in '/home/niuwa/ROS2_Humble_LS2K0300/Example/ROS2_Humble_ws/build/e03_cmd_vel_tcp_send' returned '0': CMAKE_PREFIX_PATH=/opt/ros/humble /usr/bin/cmake --build /home/niuwa/ROS2_Humble_LS2K0300/Example/ROS2_Humble_ws/build/e03_cmd_vel_tcp_send -- -j6 -l6
[0.441s] Invoking command in '/home/niuwa/ROS2_Humble_LS2K0300/Example/ROS2_Humble_ws/build/e03_cmd_vel_tcp_send': CMAKE_PREFIX_PATH=/opt/ros/humble /usr/bin/cmake --install /home/niuwa/ROS2_Humble_LS2K0300/Example/ROS2_Humble_ws/build/e03_cmd_vel_tcp_send
[0.455s] -- Install configuration: ""
[0.460s] -- Up-to-date: /home/niuwa/ROS2_Humble_LS2K0300/Example/ROS2_Humble_ws/install/e03_cmd_vel_tcp_send/lib/e03_cmd_vel_tcp_send/cmd_vel_tcp_node
[0.461s] -- Up-to-date: /home/niuwa/ROS2_Humble_LS2K0300/Example/ROS2_Humble_ws/install/e03_cmd_vel_tcp_send/share/e03_cmd_vel_tcp_send//launch
[0.462s] -- Up-to-date: /home/niuwa/ROS2_Humble_LS2K0300/Example/ROS2_Humble_ws/install/e03_cmd_vel_tcp_send/share/e03_cmd_vel_tcp_send//launch/launch.py
[0.462s] -- Up-to-date: /home/niuwa/ROS2_Humble_LS2K0300/Example/ROS2_Humble_ws/install/e03_cmd_vel_tcp_send/share/ament_index/resource_index/package_run_dependencies/e03_cmd_vel_tcp_send
[0.462s] -- Up-to-date: /home/niuwa/ROS2_Humble_LS2K0300/Example/ROS2_Humble_ws/install/e03_cmd_vel_tcp_send/share/ament_index/resource_index/parent_prefix_path/e03_cmd_vel_tcp_send
[0.462s] -- Up-to-date: /home/niuwa/ROS2_Humble_LS2K0300/Example/ROS2_Humble_ws/install/e03_cmd_vel_tcp_send/share/e03_cmd_vel_tcp_send/environment/ament_prefix_path.sh
[0.462s] -- Up-to-date: /home/niuwa/ROS2_Humble_LS2K0300/Example/ROS2_Humble_ws/install/e03_cmd_vel_tcp_send/share/e03_cmd_vel_tcp_send/environment/ament_prefix_path.dsv
[0.462s] -- Up-to-date: /home/niuwa/ROS2_Humble_LS2K0300/Example/ROS2_Humble_ws/install/e03_cmd_vel_tcp_send/share/e03_cmd_vel_tcp_send/environment/path.sh
[0.462s] -- Up-to-date: /home/niuwa/ROS2_Humble_LS2K0300/Example/ROS2_Humble_ws/install/e03_cmd_vel_tcp_send/share/e03_cmd_vel_tcp_send/environment/path.dsv
[0.463s] -- Up-to-date: /home/niuwa/ROS2_Humble_LS2K0300/Example/ROS2_Humble_ws/install/e03_cmd_vel_tcp_send/share/e03_cmd_vel_tcp_send/local_setup.bash
[0.463s] -- Up-to-date: /home/niuwa/ROS2_Humble_LS2K0300/Example/ROS2_Humble_ws/install/e03_cmd_vel_tcp_send/share/e03_cmd_vel_tcp_send/local_setup.sh
[0.463s] -- Up-to-date: /home/niuwa/ROS2_Humble_LS2K0300/Example/ROS2_Humble_ws/install/e03_cmd_vel_tcp_send/share/e03_cmd_vel_tcp_send/local_setup.zsh
[0.463s] -- Up-to-date: /home/niuwa/ROS2_Humble_LS2K0300/Example/ROS2_Humble_ws/install/e03_cmd_vel_tcp_send/share/e03_cmd_vel_tcp_send/local_setup.dsv
[0.464s] -- Installing: /home/niuwa/ROS2_Humble_LS2K0300/Example/ROS2_Humble_ws/install/e03_cmd_vel_tcp_send/share/e03_cmd_vel_tcp_send/package.dsv
[0.464s] -- Up-to-date: /home/niuwa/ROS2_Humble_LS2K0300/Example/ROS2_Humble_ws/install/e03_cmd_vel_tcp_send/share/ament_index/resource_index/packages/e03_cmd_vel_tcp_send
[0.464s] -- Up-to-date: /home/niuwa/ROS2_Humble_LS2K0300/Example/ROS2_Humble_ws/install/e03_cmd_vel_tcp_send/share/e03_cmd_vel_tcp_send/cmake/e03_cmd_vel_tcp_sendConfig.cmake
[0.465s] -- Up-to-date: /home/niuwa/ROS2_Humble_LS2K0300/Example/ROS2_Humble_ws/install/e03_cmd_vel_tcp_send/share/e03_cmd_vel_tcp_send/cmake/e03_cmd_vel_tcp_sendConfig-version.cmake
[0.465s] -- Up-to-date: /home/niuwa/ROS2_Humble_LS2K0300/Example/ROS2_Humble_ws/install/e03_cmd_vel_tcp_send/share/e03_cmd_vel_tcp_send/package.xml
[0.637s] Invoked command in '/home/niuwa/ROS2_Humble_LS2K0300/Example/ROS2_Humble_ws/build/e03_cmd_vel_tcp_send' returned '0': CMAKE_PREFIX_PATH=/opt/ros/humble /usr/bin/cmake --install /home/niuwa/ROS2_Humble_LS2K0300/Example/ROS2_Humble_ws/build/e03_cmd_vel_tcp_send
