-- The C compiler identification is GNU 11.4.0
-- The CXX compiler identification is GNU 11.4.0
-- Detecting C compiler ABI info
-- Detecting C compiler ABI info - done
-- Check for working C compiler: /usr/bin/cc - skipped
-- Detecting C compile features
-- Detecting C compile features - done
-- Detecting CXX compiler ABI info
-- Detecting CXX compiler ABI info - done
-- Check for working CXX compiler: /usr/bin/c++ - skipped
-- Detecting CXX compile features
-- Detecting CXX compile features - done
-- Found ament_cmake: 1.3.14 (/opt/ros/humble/share/ament_cmake/cmake)
-- Found Python3: /usr/bin/python3 (found version "3.10.12") found components: Interpreter 
-- Found rclcpp: 16.0.19 (/opt/ros/humble/share/rclcpp/cmake)
-- Found rosidl_generator_c: 3.1.8 (/opt/ros/humble/share/rosidl_generator_c/cmake)
-- Found rosidl_adapter: 3.1.8 (/opt/ros/humble/share/rosidl_adapter/cmake)
-- Found rosidl_generator_cpp: 3.1.8 (/opt/ros/humble/share/rosidl_generator_cpp/cmake)
-- Using all available rosidl_typesupport_c: rosidl_typesupport_fastrtps_c;rosidl_typesupport_introspection_c
-- Using all available rosidl_typesupport_cpp: rosidl_typesupport_fastrtps_cpp;rosidl_typesupport_introspection_cpp
-- Found rmw_implementation_cmake: 6.1.2 (/opt/ros/humble/share/rmw_implementation_cmake/cmake)
-- Found rmw_fastrtps_cpp: 6.2.10 (/opt/ros/humble/share/rmw_fastrtps_cpp/cmake)
-- Found OpenSSL: /usr/lib/x86_64-linux-gnu/libcrypto.so (found version "3.0.2")  
-- Found FastRTPS: /opt/ros/humble/include  
-- Using RMW implementation 'rmw_fastrtps_cpp' as default
-- Looking for pthread.h
-- Looking for pthread.h - found
-- Performing Test CMAKE_HAVE_LIBC_PTHREAD
-- Performing Test CMAKE_HAVE_LIBC_PTHREAD - Success
-- Found Threads: TRUE  
-- Found sensor_msgs: 4.9.1 (/opt/ros/humble/share/sensor_msgs/cmake)
-- Found pluginlib: 5.1.4 (/opt/ros/humble/share/pluginlib/cmake)
-- Configuring done
-- Generating done
-- Build files have been written to: /home/niuwa/ROS2_Humble_LS2K0300/Example/ROS2_Humble_ws/build/nav2_obstacle_ahead
[ 50%] [32mBuilding CXX object CMakeFiles/nav2_obstacle_ahead_plugin.dir/src/obstacle_ahead_condition.cpp.o[0m
[100%] [32m[1mLinking CXX shared library libnav2_obstacle_ahead_plugin.so[0m
[100%] Built target nav2_obstacle_ahead_plugin
-- Install configuration: ""
-- Installing: /home/niuwa/ROS2_Humble_LS2K0300/Example/ROS2_Humble_ws/install/nav2_obstacle_ahead/share/nav2_obstacle_ahead/obstacle_ahead_plugin.xml
-- Installing: /home/niuwa/ROS2_Humble_LS2K0300/Example/ROS2_Humble_ws/install/nav2_obstacle_ahead/lib/libnav2_obstacle_ahead_plugin.so
-- Set runtime path of "/home/niuwa/ROS2_Humble_LS2K0300/Example/ROS2_Humble_ws/install/nav2_obstacle_ahead/lib/libnav2_obstacle_ahead_plugin.so" to ""
-- Installing: /home/niuwa/ROS2_Humble_LS2K0300/Example/ROS2_Humble_ws/install/nav2_obstacle_ahead/include
-- Installing: /home/niuwa/ROS2_Humble_LS2K0300/Example/ROS2_Humble_ws/install/nav2_obstacle_ahead/include/nav2_obstacle_ahead
-- Installing: /home/niuwa/ROS2_Humble_LS2K0300/Example/ROS2_Humble_ws/install/nav2_obstacle_ahead/include/nav2_obstacle_ahead/obstacle_ahead_condition.hpp
-- Installing: /home/niuwa/ROS2_Humble_LS2K0300/Example/ROS2_Humble_ws/install/nav2_obstacle_ahead/share/nav2_obstacle_ahead/behavior_trees
-- Installing: /home/niuwa/ROS2_Humble_LS2K0300/Example/ROS2_Humble_ws/install/nav2_obstacle_ahead/share/nav2_obstacle_ahead/behavior_trees/navigate_with_obstacle_monitor.xml
-- Installing: /home/niuwa/ROS2_Humble_LS2K0300/Example/ROS2_Humble_ws/install/nav2_obstacle_ahead/share/ament_index/resource_index/package_run_dependencies/nav2_obstacle_ahead
-- Installing: /home/niuwa/ROS2_Humble_LS2K0300/Example/ROS2_Humble_ws/install/nav2_obstacle_ahead/share/ament_index/resource_index/parent_prefix_path/nav2_obstacle_ahead
-- Installing: /home/niuwa/ROS2_Humble_LS2K0300/Example/ROS2_Humble_ws/install/nav2_obstacle_ahead/share/nav2_obstacle_ahead/environment/ament_prefix_path.sh
-- Installing: /home/niuwa/ROS2_Humble_LS2K0300/Example/ROS2_Humble_ws/install/nav2_obstacle_ahead/share/nav2_obstacle_ahead/environment/ament_prefix_path.dsv
-- Installing: /home/niuwa/ROS2_Humble_LS2K0300/Example/ROS2_Humble_ws/install/nav2_obstacle_ahead/share/nav2_obstacle_ahead/environment/path.sh
-- Installing: /home/niuwa/ROS2_Humble_LS2K0300/Example/ROS2_Humble_ws/install/nav2_obstacle_ahead/share/nav2_obstacle_ahead/environment/path.dsv
-- Installing: /home/niuwa/ROS2_Humble_LS2K0300/Example/ROS2_Humble_ws/install/nav2_obstacle_ahead/share/nav2_obstacle_ahead/local_setup.bash
-- Installing: /home/niuwa/ROS2_Humble_LS2K0300/Example/ROS2_Humble_ws/install/nav2_obstacle_ahead/share/nav2_obstacle_ahead/local_setup.sh
-- Installing: /home/niuwa/ROS2_Humble_LS2K0300/Example/ROS2_Humble_ws/install/nav2_obstacle_ahead/share/nav2_obstacle_ahead/local_setup.zsh
-- Installing: /home/niuwa/ROS2_Humble_LS2K0300/Example/ROS2_Humble_ws/install/nav2_obstacle_ahead/share/nav2_obstacle_ahead/local_setup.dsv
-- Installing: /home/niuwa/ROS2_Humble_LS2K0300/Example/ROS2_Humble_ws/install/nav2_obstacle_ahead/share/nav2_obstacle_ahead/package.dsv
-- Installing: /home/niuwa/ROS2_Humble_LS2K0300/Example/ROS2_Humble_ws/install/nav2_obstacle_ahead/share/ament_index/resource_index/packages/nav2_obstacle_ahead
-- Installing: /home/niuwa/ROS2_Humble_LS2K0300/Example/ROS2_Humble_ws/install/nav2_obstacle_ahead/share/ament_index/resource_index/behaviortree_cpp_v3__pluginlib__plugin/nav2_obstacle_ahead
-- Installing: /home/niuwa/ROS2_Humble_LS2K0300/Example/ROS2_Humble_ws/install/nav2_obstacle_ahead/share/nav2_obstacle_ahead/cmake/nav2_obstacle_aheadConfig.cmake
-- Installing: /home/niuwa/ROS2_Humble_LS2K0300/Example/ROS2_Humble_ws/install/nav2_obstacle_ahead/share/nav2_obstacle_ahead/cmake/nav2_obstacle_aheadConfig-version.cmake
-- Installing: /home/niuwa/ROS2_Humble_LS2K0300/Example/ROS2_Humble_ws/install/nav2_obstacle_ahead/share/nav2_obstacle_ahead/package.xml
