[0.020s] Invoking command in '/home/niuwa/ROS2_Humble_LS2K0300/Example/ROS2_Humble_ws/build/nav2_obstacle_ahead': CMAKE_PREFIX_PATH=/opt/ros/humble /usr/bin/cmake /home/niuwa/ROS2_Humble_LS2K0300/Example/ROS2_Humble_ws/src/nav2_obstacle_ahead -DCMAKE_INSTALL_PREFIX=/home/niuwa/ROS2_Humble_LS2K0300/Example/ROS2_Humble_ws/install/nav2_obstacle_ahead
[0.141s] -- The C compiler identification is GNU 11.4.0
[0.214s] -- The CXX compiler identification is GNU 11.4.0
[0.221s] -- Detecting C compiler ABI info
[0.327s] -- Detecting C compiler ABI info - done
[0.335s] -- Check for working C compiler: /usr/bin/cc - skipped
[0.335s] -- Detecting C compile features
[0.335s] -- Detecting C compile features - done
[0.340s] -- Detecting CXX compiler ABI info
[0.471s] -- Detecting CXX compiler ABI info - done
[0.474s] -- Check for working CXX compiler: /usr/bin/c++ - skipped
[0.475s] -- Detecting CXX compile features
[0.475s] -- Detecting CXX compile features - done
[0.477s] -- Found ament_cmake: 1.3.14 (/opt/ros/humble/share/ament_cmake/cmake)
[0.670s] -- Found Python3: /usr/bin/python3 (found version "3.10.12") found components: Interpreter 
[0.748s] -- Found rclcpp: 16.0.19 (/opt/ros/humble/share/rclcpp/cmake)
[0.788s] -- Found rosidl_generator_c: 3.1.8 (/opt/ros/humble/share/rosidl_generator_c/cmake)
[0.797s] -- Found rosidl_adapter: 3.1.8 (/opt/ros/humble/share/rosidl_adapter/cmake)
[0.806s] -- Found rosidl_generator_cpp: 3.1.8 (/opt/ros/humble/share/rosidl_generator_cpp/cmake)
[0.818s] -- Using all available rosidl_typesupport_c: rosidl_typesupport_fastrtps_c;rosidl_typesupport_introspection_c
[0.832s] -- Using all available rosidl_typesupport_cpp: rosidl_typesupport_fastrtps_cpp;rosidl_typesupport_introspection_cpp
[0.873s] -- Found rmw_implementation_cmake: 6.1.2 (/opt/ros/humble/share/rmw_implementation_cmake/cmake)
[0.876s] -- Found rmw_fastrtps_cpp: 6.2.10 (/opt/ros/humble/share/rmw_fastrtps_cpp/cmake)
[0.993s] -- Found OpenSSL: /usr/lib/x86_64-linux-gnu/libcrypto.so (found version "3.0.2")  
[1.021s] -- Found FastRTPS: /opt/ros/humble/include  
[1.080s] -- Using RMW implementation 'rmw_fastrtps_cpp' as default
[1.080s] -- Looking for pthread.h
[1.202s] -- Looking for pthread.h - found
[1.204s] -- Performing Test CMAKE_HAVE_LIBC_PTHREAD
[1.306s] -- Performing Test CMAKE_HAVE_LIBC_PTHREAD - Success
[1.307s] -- Found Threads: TRUE  
[1.358s] -- Found sensor_msgs: 4.9.1 (/opt/ros/humble/share/sensor_msgs/cmake)
[1.413s] -- Found pluginlib: 5.1.4 (/opt/ros/humble/share/pluginlib/cmake)
[1.532s] -- Configuring done
[1.545s] -- Generating done
[1.549s] -- Build files have been written to: /home/niuwa/ROS2_Humble_LS2K0300/Example/ROS2_Humble_ws/build/nav2_obstacle_ahead
[1.571s] Invoked command in '/home/niuwa/ROS2_Humble_LS2K0300/Example/ROS2_Humble_ws/build/nav2_obstacle_ahead' returned '0': CMAKE_PREFIX_PATH=/opt/ros/humble /usr/bin/cmake /home/niuwa/ROS2_Humble_LS2K0300/Example/ROS2_Humble_ws/src/nav2_obstacle_ahead -DCMAKE_INSTALL_PREFIX=/home/niuwa/ROS2_Humble_LS2K0300/Example/ROS2_Humble_ws/install/nav2_obstacle_ahead
[1.574s] Invoking command in '/home/niuwa/ROS2_Humble_LS2K0300/Example/ROS2_Humble_ws/build/nav2_obstacle_ahead': CMAKE_PREFIX_PATH=/opt/ros/humble /usr/bin/cmake --build /home/niuwa/ROS2_Humble_LS2K0300/Example/ROS2_Humble_ws/build/nav2_obstacle_ahead -- -j6 -l6
[1.645s] [ 50%] [32mBuilding CXX object CMakeFiles/nav2_obstacle_ahead_plugin.dir/src/obstacle_ahead_condition.cpp.o[0m
[10.274s] [100%] [32m[1mLinking CXX shared library libnav2_obstacle_ahead_plugin.so[0m
[10.659s] [100%] Built target nav2_obstacle_ahead_plugin
[10.674s] Invoked command in '/home/niuwa/ROS2_Humble_LS2K0300/Example/ROS2_Humble_ws/build/nav2_obstacle_ahead' returned '0': CMAKE_PREFIX_PATH=/opt/ros/humble /usr/bin/cmake --build /home/niuwa/ROS2_Humble_LS2K0300/Example/ROS2_Humble_ws/build/nav2_obstacle_ahead -- -j6 -l6
[10.676s] Invoking command in '/home/niuwa/ROS2_Humble_LS2K0300/Example/ROS2_Humble_ws/build/nav2_obstacle_ahead': CMAKE_PREFIX_PATH=/opt/ros/humble /usr/bin/cmake --install /home/niuwa/ROS2_Humble_LS2K0300/Example/ROS2_Humble_ws/build/nav2_obstacle_ahead
[10.684s] -- Install configuration: ""
[10.686s] -- Installing: /home/niuwa/ROS2_Humble_LS2K0300/Example/ROS2_Humble_ws/install/nav2_obstacle_ahead/share/nav2_obstacle_ahead/obstacle_ahead_plugin.xml
[10.686s] -- Installing: /home/niuwa/ROS2_Humble_LS2K0300/Example/ROS2_Humble_ws/install/nav2_obstacle_ahead/lib/libnav2_obstacle_ahead_plugin.so
[10.695s] -- Set runtime path of "/home/niuwa/ROS2_Humble_LS2K0300/Example/ROS2_Humble_ws/install/nav2_obstacle_ahead/lib/libnav2_obstacle_ahead_plugin.so" to ""
[10.695s] -- Installing: /home/niuwa/ROS2_Humble_LS2K0300/Example/ROS2_Humble_ws/install/nav2_obstacle_ahead/include
[10.695s] -- Installing: /home/niuwa/ROS2_Humble_LS2K0300/Example/ROS2_Humble_ws/install/nav2_obstacle_ahead/include/nav2_obstacle_ahead
[10.695s] -- Installing: /home/niuwa/ROS2_Humble_LS2K0300/Example/ROS2_Humble_ws/install/nav2_obstacle_ahead/include/nav2_obstacle_ahead/obstacle_ahead_condition.hpp
[10.695s] -- Installing: /home/niuwa/ROS2_Humble_LS2K0300/Example/ROS2_Humble_ws/install/nav2_obstacle_ahead/share/nav2_obstacle_ahead/behavior_trees
[10.695s] -- Installing: /home/niuwa/ROS2_Humble_LS2K0300/Example/ROS2_Humble_ws/install/nav2_obstacle_ahead/share/nav2_obstacle_ahead/behavior_trees/navigate_with_obstacle_monitor.xml
[10.696s] -- Installing: /home/niuwa/ROS2_Humble_LS2K0300/Example/ROS2_Humble_ws/install/nav2_obstacle_ahead/share/ament_index/resource_index/package_run_dependencies/nav2_obstacle_ahead
[10.696s] -- Installing: /home/niuwa/ROS2_Humble_LS2K0300/Example/ROS2_Humble_ws/install/nav2_obstacle_ahead/share/ament_index/resource_index/parent_prefix_path/nav2_obstacle_ahead
[10.696s] -- Installing: /home/niuwa/ROS2_Humble_LS2K0300/Example/ROS2_Humble_ws/install/nav2_obstacle_ahead/share/nav2_obstacle_ahead/environment/ament_prefix_path.sh
[10.696s] -- Installing: /home/niuwa/ROS2_Humble_LS2K0300/Example/ROS2_Humble_ws/install/nav2_obstacle_ahead/share/nav2_obstacle_ahead/environment/ament_prefix_path.dsv
[10.696s] -- Installing: /home/niuwa/ROS2_Humble_LS2K0300/Example/ROS2_Humble_ws/install/nav2_obstacle_ahead/share/nav2_obstacle_ahead/environment/path.sh
[10.697s] -- Installing: /home/niuwa/ROS2_Humble_LS2K0300/Example/ROS2_Humble_ws/install/nav2_obstacle_ahead/share/nav2_obstacle_ahead/environment/path.dsv
[10.697s] -- Installing: /home/niuwa/ROS2_Humble_LS2K0300/Example/ROS2_Humble_ws/install/nav2_obstacle_ahead/share/nav2_obstacle_ahead/local_setup.bash
[10.697s] -- Installing: /home/niuwa/ROS2_Humble_LS2K0300/Example/ROS2_Humble_ws/install/nav2_obstacle_ahead/share/nav2_obstacle_ahead/local_setup.sh
[10.697s] -- Installing: /home/niuwa/ROS2_Humble_LS2K0300/Example/ROS2_Humble_ws/install/nav2_obstacle_ahead/share/nav2_obstacle_ahead/local_setup.zsh
[10.697s] -- Installing: /home/niuwa/ROS2_Humble_LS2K0300/Example/ROS2_Humble_ws/install/nav2_obstacle_ahead/share/nav2_obstacle_ahead/local_setup.dsv
[10.697s] -- Installing: /home/niuwa/ROS2_Humble_LS2K0300/Example/ROS2_Humble_ws/install/nav2_obstacle_ahead/share/nav2_obstacle_ahead/package.dsv
[10.697s] -- Installing: /home/niuwa/ROS2_Humble_LS2K0300/Example/ROS2_Humble_ws/install/nav2_obstacle_ahead/share/ament_index/resource_index/packages/nav2_obstacle_ahead
[10.698s] -- Installing: /home/niuwa/ROS2_Humble_LS2K0300/Example/ROS2_Humble_ws/install/nav2_obstacle_ahead/share/ament_index/resource_index/behaviortree_cpp_v3__pluginlib__plugin/nav2_obstacle_ahead
[10.698s] -- Installing: /home/niuwa/ROS2_Humble_LS2K0300/Example/ROS2_Humble_ws/install/nav2_obstacle_ahead/share/nav2_obstacle_ahead/cmake/nav2_obstacle_aheadConfig.cmake
[10.698s] -- Installing: /home/niuwa/ROS2_Humble_LS2K0300/Example/ROS2_Humble_ws/install/nav2_obstacle_ahead/share/nav2_obstacle_ahead/cmake/nav2_obstacle_aheadConfig-version.cmake
[10.698s] -- Installing: /home/niuwa/ROS2_Humble_LS2K0300/Example/ROS2_Humble_ws/install/nav2_obstacle_ahead/share/nav2_obstacle_ahead/package.xml
[10.702s] Invoked command in '/home/niuwa/ROS2_Humble_LS2K0300/Example/ROS2_Humble_ws/build/nav2_obstacle_ahead' returned '0': CMAKE_PREFIX_PATH=/opt/ros/humble /usr/bin/cmake --install /home/niuwa/ROS2_Humble_LS2K0300/Example/ROS2_Humble_ws/build/nav2_obstacle_ahead
