[0.035s] Invoking command in '/home/niuwa/ROS2_Humble_LS2K0300/Example/ROS2_Humble_ws/build/e01_topic_sub': CMAKE_PREFIX_PATH=/opt/ros/humble /usr/bin/cmake /home/niuwa/ROS2_Humble_LS2K0300/Example/ROS2_Humble_ws/src/e01_topic_sub -DCMAKE_INSTALL_PREFIX=/home/niuwa/ROS2_Humble_LS2K0300/Example/ROS2_Humble_ws/install/e01_topic_sub
[0.111s] -- The C compiler identification is GNU 11.4.0
[0.186s] -- The CXX compiler identification is GNU 11.4.0
[0.197s] -- Detecting C compiler ABI info
[0.308s] -- Detecting C compiler ABI info - done
[0.315s] -- Check for working C compiler: /usr/bin/cc - skipped
[0.315s] -- Detecting C compile features
[0.315s] -- Detecting C compile features - done
[0.316s] -- Detecting CXX compiler ABI info
[0.476s] -- Detecting CXX compiler ABI info - done
[0.497s] -- Check for working CXX compiler: /usr/bin/c++ - skipped
[0.497s] -- Detecting CXX compile features
[0.498s] -- Detecting CXX compile features - done
[0.504s] -- Found ament_cmake: 1.3.14 (/opt/ros/humble/share/ament_cmake/cmake)
[0.752s] -- Found Python3: /usr/bin/python3 (found version "3.10.12") found components: Interpreter 
[0.865s] -- Found rclcpp: 16.0.19 (/opt/ros/humble/share/rclcpp/cmake)
[0.904s] -- Found rosidl_generator_c: 3.1.8 (/opt/ros/humble/share/rosidl_generator_c/cmake)
[0.909s] -- Found rosidl_adapter: 3.1.8 (/opt/ros/humble/share/rosidl_adapter/cmake)
[0.917s] -- Found rosidl_generator_cpp: 3.1.8 (/opt/ros/humble/share/rosidl_generator_cpp/cmake)
[0.928s] -- Using all available rosidl_typesupport_c: rosidl_typesupport_fastrtps_c;rosidl_typesupport_introspection_c
[0.944s] -- Using all available rosidl_typesupport_cpp: rosidl_typesupport_fastrtps_cpp;rosidl_typesupport_introspection_cpp
[1.017s] -- Found rmw_implementation_cmake: 6.1.2 (/opt/ros/humble/share/rmw_implementation_cmake/cmake)
[1.022s] -- Found rmw_fastrtps_cpp: 6.2.10 (/opt/ros/humble/share/rmw_fastrtps_cpp/cmake)
[1.139s] -- Found OpenSSL: /usr/lib/x86_64-linux-gnu/libcrypto.so (found version "3.0.2")  
[1.170s] -- Found FastRTPS: /opt/ros/humble/include  
[1.216s] -- Using RMW implementation 'rmw_fastrtps_cpp' as default
[1.228s] -- Looking for pthread.h
[1.326s] -- Looking for pthread.h - found
[1.327s] -- Performing Test CMAKE_HAVE_LIBC_PTHREAD
[1.437s] -- Performing Test CMAKE_HAVE_LIBC_PTHREAD - Success
[1.438s] -- Found Threads: TRUE  
[1.492s] -- Found ament_lint_auto: 0.12.15 (/opt/ros/humble/share/ament_lint_auto/cmake)
[1.585s] -- Added test 'cppcheck' to perform static code analysis on C / C++ code
[1.585s] -- Configured cppcheck include dirs: 
[1.585s] -- Configured cppcheck exclude dirs and/or files: 
[1.586s] -- Added test 'flake8' to check Python code syntax and style conventions
[1.586s] -- Added test 'lint_cmake' to check CMake code style
[1.587s] -- Added test 'pep257' to check Python code against some of the docstring style conventions in PEP 257
[1.587s] -- Added test 'uncrustify' to check C / C++ code style
[1.587s] -- Configured uncrustify additional arguments: 
[1.592s] -- Added test 'xmllint' to check XML markup files
[1.592s] -- Configuring done
[1.606s] -- Generating done
[1.607s] -- Build files have been written to: /home/niuwa/ROS2_Humble_LS2K0300/Example/ROS2_Humble_ws/build/e01_topic_sub
[1.622s] Invoked command in '/home/niuwa/ROS2_Humble_LS2K0300/Example/ROS2_Humble_ws/build/e01_topic_sub' returned '0': CMAKE_PREFIX_PATH=/opt/ros/humble /usr/bin/cmake /home/niuwa/ROS2_Humble_LS2K0300/Example/ROS2_Humble_ws/src/e01_topic_sub -DCMAKE_INSTALL_PREFIX=/home/niuwa/ROS2_Humble_LS2K0300/Example/ROS2_Humble_ws/install/e01_topic_sub
[1.629s] Invoking command in '/home/niuwa/ROS2_Humble_LS2K0300/Example/ROS2_Humble_ws/build/e01_topic_sub': CMAKE_PREFIX_PATH=/opt/ros/humble /usr/bin/cmake --build /home/niuwa/ROS2_Humble_LS2K0300/Example/ROS2_Humble_ws/build/e01_topic_sub -- -j6 -l6
[1.701s] [ 50%] [32mBuilding CXX object CMakeFiles/listener.dir/src/listener.cpp.o[0m
[13.168s] [100%] [32m[1mLinking CXX executable listener[0m
[13.543s] [100%] Built target listener
[13.558s] Invoked command in '/home/niuwa/ROS2_Humble_LS2K0300/Example/ROS2_Humble_ws/build/e01_topic_sub' returned '0': CMAKE_PREFIX_PATH=/opt/ros/humble /usr/bin/cmake --build /home/niuwa/ROS2_Humble_LS2K0300/Example/ROS2_Humble_ws/build/e01_topic_sub -- -j6 -l6
[13.561s] Invoking command in '/home/niuwa/ROS2_Humble_LS2K0300/Example/ROS2_Humble_ws/build/e01_topic_sub': CMAKE_PREFIX_PATH=/opt/ros/humble /usr/bin/cmake --install /home/niuwa/ROS2_Humble_LS2K0300/Example/ROS2_Humble_ws/build/e01_topic_sub
[13.570s] -- Install configuration: ""
[13.570s] -- Installing: /home/niuwa/ROS2_Humble_LS2K0300/Example/ROS2_Humble_ws/install/e01_topic_sub/lib/e01_topic_sub/listener
[13.576s] -- Set runtime path of "/home/niuwa/ROS2_Humble_LS2K0300/Example/ROS2_Humble_ws/install/e01_topic_sub/lib/e01_topic_sub/listener" to ""
[13.576s] -- Installing: /home/niuwa/ROS2_Humble_LS2K0300/Example/ROS2_Humble_ws/install/e01_topic_sub/share/e01_topic_sub//launch
[13.576s] -- Installing: /home/niuwa/ROS2_Humble_LS2K0300/Example/ROS2_Humble_ws/install/e01_topic_sub/share/e01_topic_sub//launch/launch.py
[13.576s] -- Installing: /home/niuwa/ROS2_Humble_LS2K0300/Example/ROS2_Humble_ws/install/e01_topic_sub/share/ament_index/resource_index/package_run_dependencies/e01_topic_sub
[13.576s] -- Installing: /home/niuwa/ROS2_Humble_LS2K0300/Example/ROS2_Humble_ws/install/e01_topic_sub/share/ament_index/resource_index/parent_prefix_path/e01_topic_sub
[13.577s] -- Installing: /home/niuwa/ROS2_Humble_LS2K0300/Example/ROS2_Humble_ws/install/e01_topic_sub/share/e01_topic_sub/environment/ament_prefix_path.sh
[13.577s] -- Installing: /home/niuwa/ROS2_Humble_LS2K0300/Example/ROS2_Humble_ws/install/e01_topic_sub/share/e01_topic_sub/environment/ament_prefix_path.dsv
[13.577s] -- Installing: /home/niuwa/ROS2_Humble_LS2K0300/Example/ROS2_Humble_ws/install/e01_topic_sub/share/e01_topic_sub/environment/path.sh
[13.578s] -- Installing: /home/niuwa/ROS2_Humble_LS2K0300/Example/ROS2_Humble_ws/install/e01_topic_sub/share/e01_topic_sub/environment/path.dsv
[13.578s] -- Installing: /home/niuwa/ROS2_Humble_LS2K0300/Example/ROS2_Humble_ws/install/e01_topic_sub/share/e01_topic_sub/local_setup.bash
[13.578s] -- Installing: /home/niuwa/ROS2_Humble_LS2K0300/Example/ROS2_Humble_ws/install/e01_topic_sub/share/e01_topic_sub/local_setup.sh
[13.578s] -- Installing: /home/niuwa/ROS2_Humble_LS2K0300/Example/ROS2_Humble_ws/install/e01_topic_sub/share/e01_topic_sub/local_setup.zsh
[13.578s] -- Installing: /home/niuwa/ROS2_Humble_LS2K0300/Example/ROS2_Humble_ws/install/e01_topic_sub/share/e01_topic_sub/local_setup.dsv
[13.578s] -- Installing: /home/niuwa/ROS2_Humble_LS2K0300/Example/ROS2_Humble_ws/install/e01_topic_sub/share/e01_topic_sub/package.dsv
[13.578s] -- Installing: /home/niuwa/ROS2_Humble_LS2K0300/Example/ROS2_Humble_ws/install/e01_topic_sub/share/ament_index/resource_index/packages/e01_topic_sub
[13.578s] -- Installing: /home/niuwa/ROS2_Humble_LS2K0300/Example/ROS2_Humble_ws/install/e01_topic_sub/share/e01_topic_sub/cmake/e01_topic_subConfig.cmake
[13.578s] -- Installing: /home/niuwa/ROS2_Humble_LS2K0300/Example/ROS2_Humble_ws/install/e01_topic_sub/share/e01_topic_sub/cmake/e01_topic_subConfig-version.cmake
[13.578s] -- Installing: /home/niuwa/ROS2_Humble_LS2K0300/Example/ROS2_Humble_ws/install/e01_topic_sub/share/e01_topic_sub/package.xml
[13.582s] Invoked command in '/home/niuwa/ROS2_Humble_LS2K0300/Example/ROS2_Humble_ws/build/e01_topic_sub' returned '0': CMAKE_PREFIX_PATH=/opt/ros/humble /usr/bin/cmake --install /home/niuwa/ROS2_Humble_LS2K0300/Example/ROS2_Humble_ws/build/e01_topic_sub
