[0.228s] Invoking command in '/home/niuwa/ROS2_Humble_LS2K0300/Example/ROS2_Humble_ws/build/e05_cartographer_mapping': CMAKE_PREFIX_PATH=/opt/ros/humble /usr/bin/cmake --build /home/niuwa/ROS2_Humble_LS2K0300/Example/ROS2_Humble_ws/build/e05_cartographer_mapping -- -j6 -l6
[1.323s] Invoked command in '/home/niuwa/ROS2_Humble_LS2K0300/Example/ROS2_Humble_ws/build/e05_cartographer_mapping' returned '0': CMAKE_PREFIX_PATH=/opt/ros/humble /usr/bin/cmake --build /home/niuwa/ROS2_Humble_LS2K0300/Example/ROS2_Humble_ws/build/e05_cartographer_mapping -- -j6 -l6
[1.324s] Invoking command in '/home/niuwa/ROS2_Humble_LS2K0300/Example/ROS2_Humble_ws/build/e05_cartographer_mapping': CMAKE_PREFIX_PATH=/opt/ros/humble /usr/bin/cmake --install /home/niuwa/ROS2_Humble_LS2K0300/Example/ROS2_Humble_ws/build/e05_cartographer_mapping
[1.353s] -- Install configuration: ""
[1.353s] -- Up-to-date: /home/niuwa/ROS2_Humble_LS2K0300/Example/ROS2_Humble_ws/install/e05_cartographer_mapping/share/e05_cartographer_mapping/launch
[1.353s] -- Up-to-date: /home/niuwa/ROS2_Humble_LS2K0300/Example/ROS2_Humble_ws/install/e05_cartographer_mapping/share/e05_cartographer_mapping/launch/cartographer_launch.py
[1.353s] -- Up-to-date: /home/niuwa/ROS2_Humble_LS2K0300/Example/ROS2_Humble_ws/install/e05_cartographer_mapping/share/e05_cartographer_mapping/params
[1.354s] -- Up-to-date: /home/niuwa/ROS2_Humble_LS2K0300/Example/ROS2_Humble_ws/install/e05_cartographer_mapping/share/e05_cartographer_mapping/params/mycar.lua
[1.354s] -- Up-to-date: /home/niuwa/ROS2_Humble_LS2K0300/Example/ROS2_Humble_ws/install/e05_cartographer_mapping/share/ament_index/resource_index/package_run_dependencies/e05_cartographer_mapping
[1.354s] -- Up-to-date: /home/niuwa/ROS2_Humble_LS2K0300/Example/ROS2_Humble_ws/install/e05_cartographer_mapping/share/ament_index/resource_index/parent_prefix_path/e05_cartographer_mapping
[1.354s] -- Up-to-date: /home/niuwa/ROS2_Humble_LS2K0300/Example/ROS2_Humble_ws/install/e05_cartographer_mapping/share/e05_cartographer_mapping/environment/ament_prefix_path.sh
[1.354s] -- Up-to-date: /home/niuwa/ROS2_Humble_LS2K0300/Example/ROS2_Humble_ws/install/e05_cartographer_mapping/share/e05_cartographer_mapping/environment/ament_prefix_path.dsv
[1.354s] -- Up-to-date: /home/niuwa/ROS2_Humble_LS2K0300/Example/ROS2_Humble_ws/install/e05_cartographer_mapping/share/e05_cartographer_mapping/environment/path.sh
[1.354s] -- Up-to-date: /home/niuwa/ROS2_Humble_LS2K0300/Example/ROS2_Humble_ws/install/e05_cartographer_mapping/share/e05_cartographer_mapping/environment/path.dsv
[1.355s] -- Up-to-date: /home/niuwa/ROS2_Humble_LS2K0300/Example/ROS2_Humble_ws/install/e05_cartographer_mapping/share/e05_cartographer_mapping/local_setup.bash
[1.355s] -- Up-to-date: /home/niuwa/ROS2_Humble_LS2K0300/Example/ROS2_Humble_ws/install/e05_cartographer_mapping/share/e05_cartographer_mapping/local_setup.sh
[1.355s] -- Up-to-date: /home/niuwa/ROS2_Humble_LS2K0300/Example/ROS2_Humble_ws/install/e05_cartographer_mapping/share/e05_cartographer_mapping/local_setup.zsh
[1.355s] -- Up-to-date: /home/niuwa/ROS2_Humble_LS2K0300/Example/ROS2_Humble_ws/install/e05_cartographer_mapping/share/e05_cartographer_mapping/local_setup.dsv
[1.355s] -- Installing: /home/niuwa/ROS2_Humble_LS2K0300/Example/ROS2_Humble_ws/install/e05_cartographer_mapping/share/e05_cartographer_mapping/package.dsv
[1.355s] -- Up-to-date: /home/niuwa/ROS2_Humble_LS2K0300/Example/ROS2_Humble_ws/install/e05_cartographer_mapping/share/ament_index/resource_index/packages/e05_cartographer_mapping
[1.357s] -- Up-to-date: /home/niuwa/ROS2_Humble_LS2K0300/Example/ROS2_Humble_ws/install/e05_cartographer_mapping/share/e05_cartographer_mapping/cmake/e05_cartographer_mappingConfig.cmake
[1.358s] -- Up-to-date: /home/niuwa/ROS2_Humble_LS2K0300/Example/ROS2_Humble_ws/install/e05_cartographer_mapping/share/e05_cartographer_mapping/cmake/e05_cartographer_mappingConfig-version.cmake
[1.358s] -- Up-to-date: /home/niuwa/ROS2_Humble_LS2K0300/Example/ROS2_Humble_ws/install/e05_cartographer_mapping/share/e05_cartographer_mapping/package.xml
[1.434s] Invoked command in '/home/niuwa/ROS2_Humble_LS2K0300/Example/ROS2_Humble_ws/build/e05_cartographer_mapping' returned '0': CMAKE_PREFIX_PATH=/opt/ros/humble /usr/bin/cmake --install /home/niuwa/ROS2_Humble_LS2K0300/Example/ROS2_Humble_ws/build/e05_cartographer_mapping
