[0.063s] Invoking command in '/home/niuwa/ROS2_Humble_LS2K0300/Example/ROS2_Humble_ws/build/e01_topic_sub': CMAKE_PREFIX_PATH=/opt/ros/humble /usr/bin/cmake --build /home/niuwa/ROS2_Humble_LS2K0300/Example/ROS2_Humble_ws/build/e01_topic_sub -- -j6 -l6
[0.275s] [100%] Built target listener
[0.417s] Invoked command in '/home/niuwa/ROS2_Humble_LS2K0300/Example/ROS2_Humble_ws/build/e01_topic_sub' returned '0': CMAKE_PREFIX_PATH=/opt/ros/humble /usr/bin/cmake --build /home/niuwa/ROS2_Humble_LS2K0300/Example/ROS2_Humble_ws/build/e01_topic_sub -- -j6 -l6
[0.420s] Invoking command in '/home/niuwa/ROS2_Humble_LS2K0300/Example/ROS2_Humble_ws/build/e01_topic_sub': CMAKE_PREFIX_PATH=/opt/ros/humble /usr/bin/cmake --install /home/niuwa/ROS2_Humble_LS2K0300/Example/ROS2_Humble_ws/build/e01_topic_sub
[0.442s] -- Install configuration: ""
[0.442s] -- Up-to-date: /home/niuwa/ROS2_Humble_LS2K0300/Example/ROS2_Humble_ws/install/e01_topic_sub/lib/e01_topic_sub/listener
[0.442s] -- Up-to-date: /home/niuwa/ROS2_Humble_LS2K0300/Example/ROS2_Humble_ws/install/e01_topic_sub/share/e01_topic_sub//launch
[0.443s] -- Up-to-date: /home/niuwa/ROS2_Humble_LS2K0300/Example/ROS2_Humble_ws/install/e01_topic_sub/share/e01_topic_sub//launch/launch.py
[0.443s] -- Up-to-date: /home/niuwa/ROS2_Humble_LS2K0300/Example/ROS2_Humble_ws/install/e01_topic_sub/share/ament_index/resource_index/package_run_dependencies/e01_topic_sub
[0.443s] -- Up-to-date: /home/niuwa/ROS2_Humble_LS2K0300/Example/ROS2_Humble_ws/install/e01_topic_sub/share/ament_index/resource_index/parent_prefix_path/e01_topic_sub
[0.443s] -- Up-to-date: /home/niuwa/ROS2_Humble_LS2K0300/Example/ROS2_Humble_ws/install/e01_topic_sub/share/e01_topic_sub/environment/ament_prefix_path.sh
[0.444s] -- Up-to-date: /home/niuwa/ROS2_Humble_LS2K0300/Example/ROS2_Humble_ws/install/e01_topic_sub/share/e01_topic_sub/environment/ament_prefix_path.dsv
[0.444s] -- Up-to-date: /home/niuwa/ROS2_Humble_LS2K0300/Example/ROS2_Humble_ws/install/e01_topic_sub/share/e01_topic_sub/environment/path.sh
[0.444s] -- Up-to-date: /home/niuwa/ROS2_Humble_LS2K0300/Example/ROS2_Humble_ws/install/e01_topic_sub/share/e01_topic_sub/environment/path.dsv
[0.445s] -- Up-to-date: /home/niuwa/ROS2_Humble_LS2K0300/Example/ROS2_Humble_ws/install/e01_topic_sub/share/e01_topic_sub/local_setup.bash
[0.445s] -- Up-to-date: /home/niuwa/ROS2_Humble_LS2K0300/Example/ROS2_Humble_ws/install/e01_topic_sub/share/e01_topic_sub/local_setup.sh
[0.445s] -- Up-to-date: /home/niuwa/ROS2_Humble_LS2K0300/Example/ROS2_Humble_ws/install/e01_topic_sub/share/e01_topic_sub/local_setup.zsh
[0.446s] -- Up-to-date: /home/niuwa/ROS2_Humble_LS2K0300/Example/ROS2_Humble_ws/install/e01_topic_sub/share/e01_topic_sub/local_setup.dsv
[0.446s] -- Installing: /home/niuwa/ROS2_Humble_LS2K0300/Example/ROS2_Humble_ws/install/e01_topic_sub/share/e01_topic_sub/package.dsv
[0.446s] -- Up-to-date: /home/niuwa/ROS2_Humble_LS2K0300/Example/ROS2_Humble_ws/install/e01_topic_sub/share/ament_index/resource_index/packages/e01_topic_sub
[0.447s] -- Up-to-date: /home/niuwa/ROS2_Humble_LS2K0300/Example/ROS2_Humble_ws/install/e01_topic_sub/share/e01_topic_sub/cmake/e01_topic_subConfig.cmake
[0.452s] -- Up-to-date: /home/niuwa/ROS2_Humble_LS2K0300/Example/ROS2_Humble_ws/install/e01_topic_sub/share/e01_topic_sub/cmake/e01_topic_subConfig-version.cmake
[0.453s] -- Up-to-date: /home/niuwa/ROS2_Humble_LS2K0300/Example/ROS2_Humble_ws/install/e01_topic_sub/share/e01_topic_sub/package.xml
[0.704s] Invoked command in '/home/niuwa/ROS2_Humble_LS2K0300/Example/ROS2_Humble_ws/build/e01_topic_sub' returned '0': CMAKE_PREFIX_PATH=/opt/ros/humble /usr/bin/cmake --install /home/niuwa/ROS2_Humble_LS2K0300/Example/ROS2_Humble_ws/build/e01_topic_sub
